2020-03-16 20:15:39.317  INFO 6044 --- [main] c.c.admin.BackgroundManageApplication    : No active profile set, falling back to default profiles: default
2020-03-16 20:15:39.333  INFO 6044 --- [main] ConfigServletWebServerApplicationContext : Refreshing org.springframework.boot.web.servlet.context.AnnotationConfigServletWebServerApplicationContext@418c020b: startup date [Mon Mar 16 20:15:39 CST 2020]; parent: org.springframework.context.annotation.AnnotationConfigApplicationContext@26275bef
2020-03-16 20:15:40.036  INFO 6044 --- [main] o.s.b.f.s.DefaultListableBeanFactory     : Overriding bean definition for bean 'logQueue' with a different definition: replacing [Root bean: class [null]; scope=; abstract=false; lazyInit=false; autowireMode=3; dependencyCheck=0; autowireCandidate=true; primary=false; factoryBeanName=rabbitmqConfig; factoryMethodName=logQueue; initMethodName=null; destroyMethodName=(inferred); defined in class path resource [com/cloud/admin/config/RabbitmqConfig.class]] with [Root bean: class [null]; scope=; abstract=false; lazyInit=false; autowireMode=3; dependencyCheck=0; autowireCandidate=true; primary=false; factoryBeanName=logAutoConfiguration; factoryMethodName=logQueue; initMethodName=null; destroyMethodName=(inferred); defined in class path resource [com/cloud/log/autoconfigure/LogAutoConfiguration.class]]
2020-03-16 20:15:40.051  INFO 6044 --- [main] .s.d.r.c.RepositoryConfigurationDelegate : Multiple Spring Data modules found, entering strict repository configuration mode!
2020-03-16 20:15:40.192  WARN 6044 --- [main] o.m.s.mapper.ClassPathMapperScanner      : No MyBatis mapper was found in '[com.cloud.admin]' package. Please check your configuration.
2020-03-16 20:15:40.411  INFO 6044 --- [main] .s.d.r.c.RepositoryConfigurationDelegate : Multiple Spring Data modules found, entering strict repository configuration mode!
2020-03-16 20:15:40.426  INFO 6044 --- [main] .RepositoryConfigurationExtensionSupport : Spring Data Redis - Could not safely identify store assignment for repository candidate interface com.cloud.admin.repository.BlackIpRepository.
2020-03-16 20:15:40.442  INFO 6044 --- [main] .RepositoryConfigurationExtensionSupport : Spring Data Redis - Could not safely identify store assignment for repository candidate interface com.cloud.admin.repository.MenuRepository.
2020-03-16 20:15:40.442  INFO 6044 --- [main] .RepositoryConfigurationExtensionSupport : Spring Data Redis - Could not safely identify store assignment for repository candidate interface com.cloud.admin.repository.RoleMenuRepository.
2020-03-16 20:15:40.630  INFO 6044 --- [main] o.s.b.f.s.DefaultListableBeanFactory     : Overriding bean definition for bean 'dataSource' with a different definition: replacing [Root bean: class [null]; scope=refresh; abstract=false; lazyInit=false; autowireMode=3; dependencyCheck=0; autowireCandidate=false; primary=false; factoryBeanName=org.springframework.boot.autoconfigure.jdbc.DataSourceConfiguration$Hikari; factoryMethodName=dataSource; initMethodName=null; destroyMethodName=(inferred); defined in class path resource [org/springframework/boot/autoconfigure/jdbc/DataSourceConfiguration$Hikari.class]] with [Root bean: class [org.springframework.aop.scope.ScopedProxyFactoryBean]; scope=; abstract=false; lazyInit=false; autowireMode=0; dependencyCheck=0; autowireCandidate=true; primary=false; factoryBeanName=null; factoryMethodName=null; initMethodName=null; destroyMethodName=null; defined in BeanDefinition defined in class path resource [org/springframework/boot/autoconfigure/jdbc/DataSourceConfiguration$Hikari.class]]
2020-03-16 20:15:40.833  INFO 6044 --- [main] o.s.cloud.context.scope.GenericScope     : BeanFactory id=e2e6d36a-225f-3e0c-ac00-a6295c639810
2020-03-16 20:15:40.864  INFO 6044 --- [main] f.a.AutowiredAnnotationBeanPostProcessor : JSR-330 'javax.inject.Inject' annotation found and supported for autowiring
2020-03-16 20:15:40.942  INFO 6044 --- [main] trationDelegate$BeanPostProcessorChecker : Bean 'org.springframework.amqp.rabbit.annotation.RabbitBootstrapConfiguration' of type [org.springframework.amqp.rabbit.annotation.RabbitBootstrapConfiguration$$EnhancerBySpringCGLIB$$8594342c] is not eligible for getting processed by all BeanPostProcessors (for example: not eligible for auto-proxying)
2020-03-16 20:15:41.020  INFO 6044 --- [main] trationDelegate$BeanPostProcessorChecker : Bean 'org.springframework.transaction.annotation.ProxyTransactionManagementConfiguration' of type [org.springframework.transaction.annotation.ProxyTransactionManagementConfiguration$$EnhancerBySpringCGLIB$$bf2875fe] is not eligible for getting processed by all BeanPostProcessors (for example: not eligible for auto-proxying)
2020-03-16 20:15:41.130  INFO 6044 --- [main] trationDelegate$BeanPostProcessorChecker : Bean 'redisConfig' of type [com.cloud.common.redis.RedisConfig$$EnhancerBySpringCGLIB$$5a1bf8f0] is not eligible for getting processed by all BeanPostProcessors (for example: not eligible for auto-proxying)
2020-03-16 20:15:41.192  INFO 6044 --- [main] trationDelegate$BeanPostProcessorChecker : Bean 'org.springframework.cloud.autoconfigure.ConfigurationPropertiesRebinderAutoConfiguration' of type [org.springframework.cloud.autoconfigure.ConfigurationPropertiesRebinderAutoConfiguration$$EnhancerBySpringCGLIB$$db4278fb] is not eligible for getting processed by all BeanPostProcessors (for example: not eligible for auto-proxying)
2020-03-16 20:15:41.645  INFO 6044 --- [main] o.s.b.w.embedded.tomcat.TomcatWebServer  : Tomcat initialized with port(s): 9005 (http)
2020-03-16 20:15:41.661  INFO 6044 --- [main] o.apache.catalina.core.StandardService   : Starting service [Tomcat]
2020-03-16 20:15:41.661  INFO 6044 --- [main] org.apache.catalina.core.StandardEngine  : Starting Servlet Engine: Apache Tomcat/8.5.32
2020-03-16 20:15:41.661  INFO 6044 --- [localhost-startStop-1] o.a.catalina.core.AprLifecycleListener   : The APR based Apache Tomcat Native library which allows optimal performance in production environments was not found on the java.library.path: [G:\jdk\bin;C:\windows\Sun\Java\bin;C:\windows\system32;C:\windows;C:\ProgramData\Oracle\Java\javapath;C:\windows\system32;C:\windows;C:\windows\System32\Wbem;C:\windows\System32\WindowsPowerShell\v1.0\;C:\windows\System32\OpenSSH\;"%JAVA_HOME%\bin;%JAVA_HOME%\jre\bin;";G:\erl9.2\bin;C:\Program Files\TortoiseSVN\bin;G:\apache-maven-3.6.1\bin;C:\Users\Administrator\AppData\Local\Microsoft\WindowsApps;;.]
2020-03-16 20:15:41.817  INFO 6044 --- [localhost-startStop-1] o.a.c.c.C.[Tomcat].[localhost].[/]       : Initializing Spring embedded WebApplicationContext
2020-03-16 20:15:41.817  INFO 6044 --- [localhost-startStop-1] o.s.web.context.ContextLoader            : Root WebApplicationContext: initialization completed in 2484 ms
2020-03-16 20:15:42.051  WARN 6044 --- [localhost-startStop-1] c.n.c.sources.URLConfigurationSource     : No URLs will be polled as dynamic configuration sources.
2020-03-16 20:15:42.051  INFO 6044 --- [localhost-startStop-1] c.n.c.sources.URLConfigurationSource     : To enable URLs as dynamic configuration sources, define System property archaius.configurationSource.additionalUrls or make config.properties available on classpath.
2020-03-16 20:15:42.067  INFO 6044 --- [localhost-startStop-1] c.netflix.config.DynamicPropertyFactory  : DynamicPropertyFactory is initialized with configuration sources: com.netflix.config.ConcurrentCompositeConfiguration@20597593
2020-03-16 20:15:44.239  INFO 6044 --- [localhost-startStop-1] o.s.cloud.commons.util.InetUtils         : Cannot determine local hostname
2020-03-16 20:15:45.801  INFO 6044 --- [localhost-startStop-1] o.s.cloud.commons.util.InetUtils         : Cannot determine local hostname
2020-03-16 20:15:46.645  INFO 6044 --- [localhost-startStop-1] o.s.b.w.servlet.FilterRegistrationBean   : Mapping filter: 'characterEncodingFilter' to: [/*]
2020-03-16 20:15:46.661  INFO 6044 --- [localhost-startStop-1] o.s.b.w.servlet.FilterRegistrationBean   : Mapping filter: 'webMvcMetricsFilter' to: [/*]
2020-03-16 20:15:46.661  INFO 6044 --- [localhost-startStop-1] o.s.b.w.servlet.FilterRegistrationBean   : Mapping filter: 'hiddenHttpMethodFilter' to: [/*]
2020-03-16 20:15:46.661  INFO 6044 --- [localhost-startStop-1] o.s.b.w.servlet.FilterRegistrationBean   : Mapping filter: 'httpPutFormContentFilter' to: [/*]
2020-03-16 20:15:46.661  INFO 6044 --- [localhost-startStop-1] o.s.b.w.servlet.FilterRegistrationBean   : Mapping filter: 'requestContextFilter' to: [/*]
2020-03-16 20:15:46.661  INFO 6044 --- [localhost-startStop-1] o.s.b.w.servlet.FilterRegistrationBean   : Mapping filter: 'httpTraceFilter' to: [/*]
2020-03-16 20:15:46.661  INFO 6044 --- [localhost-startStop-1] o.s.b.w.servlet.ServletRegistrationBean  : Servlet dispatcherServlet mapped to [/]
2020-03-16 20:15:46.770  INFO 6044 --- [main] com.zaxxer.hikari.HikariDataSource       : HikariPool-1 - Starting...
2020-03-16 20:15:47.473  INFO 6044 --- [main] com.zaxxer.hikari.HikariDataSource       : HikariPool-1 - Start completed.
2020-03-16 20:15:47.536  INFO 6044 --- [main] j.LocalContainerEntityManagerFactoryBean : Building JPA container EntityManagerFactory for persistence unit 'default'
2020-03-16 20:15:47.551  INFO 6044 --- [main] o.hibernate.jpa.internal.util.LogHelper  : HHH000204: Processing PersistenceUnitInfo [
	name: default
	...]
2020-03-16 20:15:47.786  INFO 6044 --- [main] org.hibernate.Version                    : HHH000412: Hibernate Core {5.2.17.Final}
2020-03-16 20:15:47.786  INFO 6044 --- [main] org.hibernate.cfg.Environment            : HHH000206: hibernate.properties not found
2020-03-16 20:15:47.832  INFO 6044 --- [main] o.hibernate.annotations.common.Version   : HCANN000001: Hibernate Commons Annotations {5.0.1.Final}
2020-03-16 20:15:47.957  INFO 6044 --- [main] org.hibernate.dialect.Dialect            : HHH000400: Using dialect: org.hibernate.dialect.MySQL5Dialect
2020-03-16 20:15:48.692  INFO 6044 --- [main] j.LocalContainerEntityManagerFactoryBean : Initialized JPA EntityManagerFactory for persistence unit 'default'
2020-03-16 20:15:49.817  WARN 6044 --- [main] aWebConfiguration$JpaWebMvcConfiguration : spring.jpa.open-in-view is enabled by default. Therefore, database queries may be performed during view rendering. Explicitly configure spring.jpa.open-in-view to disable this warning
2020-03-16 20:15:49.895  INFO 6044 --- [main] s.w.s.m.m.a.RequestMappingHandlerMapping : Mapped "{[/api/admin/addMenu.do],methods=[POST]}" onto public com.cloud.common.response.SimpleResponse com.cloud.admin.controller.AdminMenuController.addMenu(java.lang.String,java.lang.Long,java.lang.String,java.lang.String,java.lang.Integer) throws java.lang.Exception
2020-03-16 20:15:49.895  INFO 6044 --- [main] s.w.s.m.m.a.RequestMappingHandlerMapping : Mapped "{[/api/admin/internal/saveRoleMenu.do],methods=[POST]}" onto public com.cloud.common.response.SimpleResponse com.cloud.admin.controller.AdminMenuController.saveRoleMenu(java.lang.Long,java.lang.String) throws java.lang.Exception
2020-03-16 20:15:49.895  INFO 6044 --- [main] s.w.s.m.m.a.RequestMappingHandlerMapping : Mapped "{[/api/admin/queryMenuPage.do],methods=[POST]}" onto public com.cloud.common.response.PageResponse<com.cloud.admin.vo.menu.MenuVO> com.cloud.admin.controller.AdminMenuController.queryMenuPage(java.lang.Integer,java.lang.Integer,java.lang.String) throws java.lang.Exception
2020-03-16 20:15:49.895  INFO 6044 --- [main] s.w.s.m.m.a.RequestMappingHandlerMapping : Mapped "{[/api/admin/internal/deleteRoleMenu.do],methods=[POST]}" onto public com.cloud.common.response.SimpleResponse com.cloud.admin.controller.AdminMenuController.deleteRoleMenu(java.lang.String) throws java.lang.Exception
2020-03-16 20:15:49.895  INFO 6044 --- [main] s.w.s.m.m.a.RequestMappingHandlerMapping : Mapped "{[/api/admin/deleteMenu.do],methods=[POST]}" onto public com.cloud.common.response.SimpleResponse com.cloud.admin.controller.AdminMenuController.deleteMenu(java.lang.Long) throws java.lang.Exception
2020-03-16 20:15:49.895  INFO 6044 --- [main] s.w.s.m.m.a.RequestMappingHandlerMapping : Mapped "{[/api/admin/selectAllMenu.do],methods=[GET]}" onto public com.cloud.common.response.ApiResponse<com.cloud.admin.vo.menu.MenuVO> com.cloud.admin.controller.AdminMenuController.selectAllMenu() throws java.lang.Exception
2020-03-16 20:15:49.895  INFO 6044 --- [main] s.w.s.m.m.a.RequestMappingHandlerMapping : Mapped "{[/api/admin/selectUserMenu.do],methods=[GET]}" onto public com.cloud.common.response.ApiResponse<com.cloud.admin.vo.menu.UserMenuListVO> com.cloud.admin.controller.AdminMenuController.selectUserMenu() throws java.lang.Exception
2020-03-16 20:15:49.895  INFO 6044 --- [main] s.w.s.m.m.a.RequestMappingHandlerMapping : Mapped "{[/api/admin/queryBlackIpPage.do],methods=[POST]}" onto public com.cloud.common.response.PageResponse<com.cloud.admin.vo.blackip.BlackIpVO> com.cloud.admin.controller.BlackIpController.queryBlackIpPage(java.lang.Integer,java.lang.Integer) throws java.lang.Exception
2020-03-16 20:15:49.895  INFO 6044 --- [main] s.w.s.m.m.a.RequestMappingHandlerMapping : Mapped "{[/api/admin/addBlackIp.do],methods=[POST]}" onto public com.cloud.common.response.SimpleResponse com.cloud.admin.controller.BlackIpController.addBlackIp(java.lang.String) throws java.lang.Exception
2020-03-16 20:15:49.895  INFO 6044 --- [main] s.w.s.m.m.a.RequestMappingHandlerMapping : Mapped "{[/api/admin/internal/selectAllBlackIp.do],methods=[GET]}" onto public com.cloud.common.response.ApiResponse<com.cloud.model.manage.BlackIpDTO> com.cloud.admin.controller.BlackIpController.selectAllBlackIp() throws java.lang.Exception
2020-03-16 20:15:49.895  INFO 6044 --- [main] s.w.s.m.m.a.RequestMappingHandlerMapping : Mapped "{[/api/admin/deleteBlackIp.do],methods=[GET]}" onto public com.cloud.common.response.SimpleResponse com.cloud.admin.controller.BlackIpController.deleteBlackIp(java.lang.Long) throws java.lang.Exception
2020-03-16 20:15:49.910  INFO 6044 --- [main] s.w.s.m.m.a.RequestMappingHandlerMapping : Mapped "{[/swagger-resources/configuration/security]}" onto public org.springframework.http.ResponseEntity<springfox.documentation.swagger.web.SecurityConfiguration> springfox.documentation.swagger.web.ApiResourceController.securityConfiguration()
2020-03-16 20:15:49.910  INFO 6044 --- [main] s.w.s.m.m.a.RequestMappingHandlerMapping : Mapped "{[/swagger-resources/configuration/ui]}" onto public org.springframework.http.ResponseEntity<springfox.documentation.swagger.web.UiConfiguration> springfox.documentation.swagger.web.ApiResourceController.uiConfiguration()
2020-03-16 20:15:49.910  INFO 6044 --- [main] s.w.s.m.m.a.RequestMappingHandlerMapping : Mapped "{[/swagger-resources]}" onto public org.springframework.http.ResponseEntity<java.util.List<springfox.documentation.swagger.web.SwaggerResource>> springfox.documentation.swagger.web.ApiResourceController.swaggerResources()
2020-03-16 20:15:49.910  INFO 6044 --- [main] s.w.s.m.m.a.RequestMappingHandlerMapping : Mapped "{[/error]}" onto public org.springframework.http.ResponseEntity<java.util.Map<java.lang.String, java.lang.Object>> org.springframework.boot.autoconfigure.web.servlet.error.BasicErrorController.error(javax.servlet.http.HttpServletRequest)
2020-03-16 20:15:49.910  INFO 6044 --- [main] s.w.s.m.m.a.RequestMappingHandlerMapping : Mapped "{[/error],produces=[text/html]}" onto public org.springframework.web.servlet.ModelAndView org.springframework.boot.autoconfigure.web.servlet.error.BasicErrorController.errorHtml(javax.servlet.http.HttpServletRequest,javax.servlet.http.HttpServletResponse)
2020-03-16 20:15:50.051  INFO 6044 --- [main] o.s.b.a.e.web.EndpointLinksResolver      : Exposing 19 endpoint(s) beneath base path '/actuator'
2020-03-16 20:15:50.067  INFO 6044 --- [main] s.b.a.e.w.s.WebMvcEndpointHandlerMapping : Mapped "{[/actuator/archaius],methods=[GET],produces=[application/vnd.spring-boot.actuator.v2+json || application/json]}" onto public java.lang.Object org.springframework.boot.actuate.endpoint.web.servlet.AbstractWebMvcEndpointHandlerMapping$OperationHandler.handle(javax.servlet.http.HttpServletRequest,java.util.Map<java.lang.String, java.lang.String>)
2020-03-16 20:15:50.067  INFO 6044 --- [main] s.b.a.e.w.s.WebMvcEndpointHandlerMapping : Mapped "{[/actuator/auditevents],methods=[GET],produces=[application/vnd.spring-boot.actuator.v2+json || application/json]}" onto public java.lang.Object org.springframework.boot.actuate.endpoint.web.servlet.AbstractWebMvcEndpointHandlerMapping$OperationHandler.handle(javax.servlet.http.HttpServletRequest,java.util.Map<java.lang.String, java.lang.String>)
2020-03-16 20:15:50.067  INFO 6044 --- [main] s.b.a.e.w.s.WebMvcEndpointHandlerMapping : Mapped "{[/actuator/beans],methods=[GET],produces=[application/vnd.spring-boot.actuator.v2+json || application/json]}" onto public java.lang.Object org.springframework.boot.actuate.endpoint.web.servlet.AbstractWebMvcEndpointHandlerMapping$OperationHandler.handle(javax.servlet.http.HttpServletRequest,java.util.Map<java.lang.String, java.lang.String>)
2020-03-16 20:15:50.067  INFO 6044 --- [main] s.b.a.e.w.s.WebMvcEndpointHandlerMapping : Mapped "{[/actuator/health],methods=[GET],produces=[application/vnd.spring-boot.actuator.v2+json || application/json]}" onto public java.lang.Object org.springframework.boot.actuate.endpoint.web.servlet.AbstractWebMvcEndpointHandlerMapping$OperationHandler.handle(javax.servlet.http.HttpServletRequest,java.util.Map<java.lang.String, java.lang.String>)
2020-03-16 20:15:50.067  INFO 6044 --- [main] s.b.a.e.w.s.WebMvcEndpointHandlerMapping : Mapped "{[/actuator/conditions],methods=[GET],produces=[application/vnd.spring-boot.actuator.v2+json || application/json]}" onto public java.lang.Object org.springframework.boot.actuate.endpoint.web.servlet.AbstractWebMvcEndpointHandlerMapping$OperationHandler.handle(javax.servlet.http.HttpServletRequest,java.util.Map<java.lang.String, java.lang.String>)
2020-03-16 20:15:50.067  INFO 6044 --- [main] s.b.a.e.w.s.WebMvcEndpointHandlerMapping : Mapped "{[/actuator/configprops],methods=[GET],produces=[application/vnd.spring-boot.actuator.v2+json || application/json]}" onto public java.lang.Object org.springframework.boot.actuate.endpoint.web.servlet.AbstractWebMvcEndpointHandlerMapping$OperationHandler.handle(javax.servlet.http.HttpServletRequest,java.util.Map<java.lang.String, java.lang.String>)
2020-03-16 20:15:50.067  INFO 6044 --- [main] s.b.a.e.w.s.WebMvcEndpointHandlerMapping : Mapped "{[/actuator/env],methods=[GET],produces=[application/vnd.spring-boot.actuator.v2+json || application/json]}" onto public java.lang.Object org.springframework.boot.actuate.endpoint.web.servlet.AbstractWebMvcEndpointHandlerMapping$OperationHandler.handle(javax.servlet.http.HttpServletRequest,java.util.Map<java.lang.String, java.lang.String>)
2020-03-16 20:15:50.067  INFO 6044 --- [main] s.b.a.e.w.s.WebMvcEndpointHandlerMapping : Mapped "{[/actuator/env/{toMatch}],methods=[GET],produces=[application/vnd.spring-boot.actuator.v2+json || application/json]}" onto public java.lang.Object org.springframework.boot.actuate.endpoint.web.servlet.AbstractWebMvcEndpointHandlerMapping$OperationHandler.handle(javax.servlet.http.HttpServletRequest,java.util.Map<java.lang.String, java.lang.String>)
2020-03-16 20:15:50.067  INFO 6044 --- [main] s.b.a.e.w.s.WebMvcEndpointHandlerMapping : Mapped "{[/actuator/env],methods=[POST],consumes=[application/vnd.spring-boot.actuator.v2+json || application/json],produces=[application/vnd.spring-boot.actuator.v2+json || application/json]}" onto public java.lang.Object org.springframework.boot.actuate.endpoint.web.servlet.AbstractWebMvcEndpointHandlerMapping$OperationHandler.handle(javax.servlet.http.HttpServletRequest,java.util.Map<java.lang.String, java.lang.String>)
2020-03-16 20:15:50.067  INFO 6044 --- [main] s.b.a.e.w.s.WebMvcEndpointHandlerMapping : Mapped "{[/actuator/env],methods=[DELETE],produces=[application/vnd.spring-boot.actuator.v2+json || application/json]}" onto public java.lang.Object org.springframework.boot.actuate.endpoint.web.servlet.AbstractWebMvcEndpointHandlerMapping$OperationHandler.handle(javax.servlet.http.HttpServletRequest,java.util.Map<java.lang.String, java.lang.String>)
2020-03-16 20:15:50.067  INFO 6044 --- [main] s.b.a.e.w.s.WebMvcEndpointHandlerMapping : Mapped "{[/actuator/info],methods=[GET],produces=[application/vnd.spring-boot.actuator.v2+json || application/json]}" onto public java.lang.Object org.springframework.boot.actuate.endpoint.web.servlet.AbstractWebMvcEndpointHandlerMapping$OperationHandler.handle(javax.servlet.http.HttpServletRequest,java.util.Map<java.lang.String, java.lang.String>)
2020-03-16 20:15:50.067  INFO 6044 --- [main] s.b.a.e.w.s.WebMvcEndpointHandlerMapping : Mapped "{[/actuator/logfile],methods=[GET],produces=[application/octet-stream]}" onto public java.lang.Object org.springframework.boot.actuate.endpoint.web.servlet.AbstractWebMvcEndpointHandlerMapping$OperationHandler.handle(javax.servlet.http.HttpServletRequest,java.util.Map<java.lang.String, java.lang.String>)
2020-03-16 20:15:50.067  INFO 6044 --- [main] s.b.a.e.w.s.WebMvcEndpointHandlerMapping : Mapped "{[/actuator/loggers],methods=[GET],produces=[application/vnd.spring-boot.actuator.v2+json || application/json]}" onto public java.lang.Object org.springframework.boot.actuate.endpoint.web.servlet.AbstractWebMvcEndpointHandlerMapping$OperationHandler.handle(javax.servlet.http.HttpServletRequest,java.util.Map<java.lang.String, java.lang.String>)
2020-03-16 20:15:50.067  INFO 6044 --- [main] s.b.a.e.w.s.WebMvcEndpointHandlerMapping : Mapped "{[/actuator/loggers/{name}],methods=[GET],produces=[application/vnd.spring-boot.actuator.v2+json || application/json]}" onto public java.lang.Object org.springframework.boot.actuate.endpoint.web.servlet.AbstractWebMvcEndpointHandlerMapping$OperationHandler.handle(javax.servlet.http.HttpServletRequest,java.util.Map<java.lang.String, java.lang.String>)
2020-03-16 20:15:50.067  INFO 6044 --- [main] s.b.a.e.w.s.WebMvcEndpointHandlerMapping : Mapped "{[/actuator/loggers/{name}],methods=[POST],consumes=[application/vnd.spring-boot.actuator.v2+json || application/json]}" onto public java.lang.Object org.springframework.boot.actuate.endpoint.web.servlet.AbstractWebMvcEndpointHandlerMapping$OperationHandler.handle(javax.servlet.http.HttpServletRequest,java.util.Map<java.lang.String, java.lang.String>)
2020-03-16 20:15:50.067  INFO 6044 --- [main] s.b.a.e.w.s.WebMvcEndpointHandlerMapping : Mapped "{[/actuator/heapdump],methods=[GET],produces=[application/octet-stream]}" onto public java.lang.Object org.springframework.boot.actuate.endpoint.web.servlet.AbstractWebMvcEndpointHandlerMapping$OperationHandler.handle(javax.servlet.http.HttpServletRequest,java.util.Map<java.lang.String, java.lang.String>)
2020-03-16 20:15:50.067  INFO 6044 --- [main] s.b.a.e.w.s.WebMvcEndpointHandlerMapping : Mapped "{[/actuator/threaddump],methods=[GET],produces=[application/vnd.spring-boot.actuator.v2+json || application/json]}" onto public java.lang.Object org.springframework.boot.actuate.endpoint.web.servlet.AbstractWebMvcEndpointHandlerMapping$OperationHandler.handle(javax.servlet.http.HttpServletRequest,java.util.Map<java.lang.String, java.lang.String>)
2020-03-16 20:15:50.067  INFO 6044 --- [main] s.b.a.e.w.s.WebMvcEndpointHandlerMapping : Mapped "{[/actuator/metrics/{requiredMetricName}],methods=[GET],produces=[application/vnd.spring-boot.actuator.v2+json || application/json]}" onto public java.lang.Object org.springframework.boot.actuate.endpoint.web.servlet.AbstractWebMvcEndpointHandlerMapping$OperationHandler.handle(javax.servlet.http.HttpServletRequest,java.util.Map<java.lang.String, java.lang.String>)
2020-03-16 20:15:50.067  INFO 6044 --- [main] s.b.a.e.w.s.WebMvcEndpointHandlerMapping : Mapped "{[/actuator/metrics],methods=[GET],produces=[application/vnd.spring-boot.actuator.v2+json || application/json]}" onto public java.lang.Object org.springframework.boot.actuate.endpoint.web.servlet.AbstractWebMvcEndpointHandlerMapping$OperationHandler.handle(javax.servlet.http.HttpServletRequest,java.util.Map<java.lang.String, java.lang.String>)
2020-03-16 20:15:50.067  INFO 6044 --- [main] s.b.a.e.w.s.WebMvcEndpointHandlerMapping : Mapped "{[/actuator/scheduledtasks],methods=[GET],produces=[application/vnd.spring-boot.actuator.v2+json || application/json]}" onto public java.lang.Object org.springframework.boot.actuate.endpoint.web.servlet.AbstractWebMvcEndpointHandlerMapping$OperationHandler.handle(javax.servlet.http.HttpServletRequest,java.util.Map<java.lang.String, java.lang.String>)
2020-03-16 20:15:50.067  INFO 6044 --- [main] s.b.a.e.w.s.WebMvcEndpointHandlerMapping : Mapped "{[/actuator/httptrace],methods=[GET],produces=[application/vnd.spring-boot.actuator.v2+json || application/json]}" onto public java.lang.Object org.springframework.boot.actuate.endpoint.web.servlet.AbstractWebMvcEndpointHandlerMapping$OperationHandler.handle(javax.servlet.http.HttpServletRequest,java.util.Map<java.lang.String, java.lang.String>)
2020-03-16 20:15:50.067  INFO 6044 --- [main] s.b.a.e.w.s.WebMvcEndpointHandlerMapping : Mapped "{[/actuator/mappings],methods=[GET],produces=[application/vnd.spring-boot.actuator.v2+json || application/json]}" onto public java.lang.Object org.springframework.boot.actuate.endpoint.web.servlet.AbstractWebMvcEndpointHandlerMapping$OperationHandler.handle(javax.servlet.http.HttpServletRequest,java.util.Map<java.lang.String, java.lang.String>)
2020-03-16 20:15:50.067  INFO 6044 --- [main] s.b.a.e.w.s.WebMvcEndpointHandlerMapping : Mapped "{[/actuator/refresh],methods=[POST],produces=[application/vnd.spring-boot.actuator.v2+json || application/json]}" onto public java.lang.Object org.springframework.boot.actuate.endpoint.web.servlet.AbstractWebMvcEndpointHandlerMapping$OperationHandler.handle(javax.servlet.http.HttpServletRequest,java.util.Map<java.lang.String, java.lang.String>)
2020-03-16 20:15:50.067  INFO 6044 --- [main] s.b.a.e.w.s.WebMvcEndpointHandlerMapping : Mapped "{[/actuator/features],methods=[GET],produces=[application/vnd.spring-boot.actuator.v2+json || application/json]}" onto public java.lang.Object org.springframework.boot.actuate.endpoint.web.servlet.AbstractWebMvcEndpointHandlerMapping$OperationHandler.handle(javax.servlet.http.HttpServletRequest,java.util.Map<java.lang.String, java.lang.String>)
2020-03-16 20:15:50.067  INFO 6044 --- [main] s.b.a.e.w.s.WebMvcEndpointHandlerMapping : Mapped "{[/actuator/service-registry],methods=[GET],produces=[application/vnd.spring-boot.actuator.v2+json || application/json]}" onto public java.lang.Object org.springframework.boot.actuate.endpoint.web.servlet.AbstractWebMvcEndpointHandlerMapping$OperationHandler.handle(javax.servlet.http.HttpServletRequest,java.util.Map<java.lang.String, java.lang.String>)
2020-03-16 20:15:50.067  INFO 6044 --- [main] s.b.a.e.w.s.WebMvcEndpointHandlerMapping : Mapped "{[/actuator/service-registry],methods=[POST],consumes=[application/vnd.spring-boot.actuator.v2+json || application/json],produces=[application/vnd.spring-boot.actuator.v2+json || application/json]}" onto public java.lang.Object org.springframework.boot.actuate.endpoint.web.servlet.AbstractWebMvcEndpointHandlerMapping$OperationHandler.handle(javax.servlet.http.HttpServletRequest,java.util.Map<java.lang.String, java.lang.String>)
2020-03-16 20:15:50.067  INFO 6044 --- [main] s.b.a.e.w.s.WebMvcEndpointHandlerMapping : Mapped "{[/actuator],methods=[GET],produces=[application/vnd.spring-boot.actuator.v2+json || application/json]}" onto protected java.util.Map<java.lang.String, java.util.Map<java.lang.String, org.springframework.boot.actuate.endpoint.web.Link>> org.springframework.boot.actuate.endpoint.web.servlet.WebMvcEndpointHandlerMapping.links(javax.servlet.http.HttpServletRequest,javax.servlet.http.HttpServletResponse)
2020-03-16 20:15:50.379  INFO 6044 --- [main] pertySourcedRequestMappingHandlerMapping : Mapped URL path [/v2/api-docs] onto method [public org.springframework.http.ResponseEntity<springfox.documentation.spring.web.json.Json> springfox.documentation.swagger2.web.Swagger2Controller.getDocumentation(java.lang.String,javax.servlet.http.HttpServletRequest)]
2020-03-16 20:15:50.442  WARN 6044 --- [main] c.n.c.sources.URLConfigurationSource     : No URLs will be polled as dynamic configuration sources.
2020-03-16 20:15:50.442  INFO 6044 --- [main] c.n.c.sources.URLConfigurationSource     : To enable URLs as dynamic configuration sources, define System property archaius.configurationSource.additionalUrls or make config.properties available on classpath.
2020-03-16 20:15:50.535  INFO 6044 --- [main] o.s.w.s.handler.SimpleUrlHandlerMapping  : Mapped URL path [/**/favicon.ico] onto handler of type [class org.springframework.web.servlet.resource.ResourceHttpRequestHandler]
2020-03-16 20:15:50.645  INFO 6044 --- [main] s.w.s.m.m.a.RequestMappingHandlerAdapter : Looking for @ControllerAdvice: org.springframework.boot.web.servlet.context.AnnotationConfigServletWebServerApplicationContext@418c020b: startup date [Mon Mar 16 20:15:39 CST 2020]; parent: org.springframework.context.annotation.AnnotationConfigApplicationContext@26275bef
2020-03-16 20:15:50.707  INFO 6044 --- [main] o.s.w.s.handler.SimpleUrlHandlerMapping  : Mapped URL path [/webjars/**] onto handler of type [class org.springframework.web.servlet.resource.ResourceHttpRequestHandler]
2020-03-16 20:15:50.707  INFO 6044 --- [main] o.s.w.s.handler.SimpleUrlHandlerMapping  : Mapped URL path [/**] onto handler of type [class org.springframework.web.servlet.resource.ResourceHttpRequestHandler]
2020-03-16 20:15:50.739  INFO 6044 --- [main] .m.m.a.ExceptionHandlerExceptionResolver : Detected @ExceptionHandler methods in globalExceptionHandler
2020-03-16 20:15:51.770  INFO 6044 --- [main] com.netflix.discovery.DiscoveryClient    : Shutting down DiscoveryClient ...
2020-03-16 20:15:51.785  INFO 6044 --- [main] com.netflix.discovery.DiscoveryClient    : Completed shut down of DiscoveryClient
2020-03-16 20:15:51.879  INFO 6044 --- [main] o.s.j.e.a.AnnotationMBeanExporter        : Registering beans for JMX exposure on startup
2020-03-16 20:15:51.895  INFO 6044 --- [main] o.s.j.e.a.AnnotationMBeanExporter        : Bean with name 'dataSource' has been autodetected for JMX exposure
2020-03-16 20:15:51.895  INFO 6044 --- [main] o.s.j.e.a.AnnotationMBeanExporter        : Bean with name 'rabbitConnectionFactory' has been autodetected for JMX exposure
2020-03-16 20:15:51.895  INFO 6044 --- [main] o.s.j.e.a.AnnotationMBeanExporter        : Bean with name 'environmentManager' has been autodetected for JMX exposure
2020-03-16 20:15:51.895  INFO 6044 --- [main] o.s.j.e.a.AnnotationMBeanExporter        : Bean with name 'refreshScope' has been autodetected for JMX exposure
2020-03-16 20:15:51.895  INFO 6044 --- [main] o.s.j.e.a.AnnotationMBeanExporter        : Bean with name 'configurationPropertiesRebinder' has been autodetected for JMX exposure
2020-03-16 20:15:51.910  INFO 6044 --- [main] o.s.j.e.a.AnnotationMBeanExporter        : Located managed bean 'environmentManager': registering with JMX server as MBean [org.springframework.cloud.context.environment:name=environmentManager,type=EnvironmentManager]
2020-03-16 20:15:51.910  INFO 6044 --- [main] o.s.j.e.a.AnnotationMBeanExporter        : Located managed bean 'refreshScope': registering with JMX server as MBean [org.springframework.cloud.context.scope.refresh:name=refreshScope,type=RefreshScope]
2020-03-16 20:15:51.926  INFO 6044 --- [main] o.s.j.e.a.AnnotationMBeanExporter        : Located managed bean 'configurationPropertiesRebinder': registering with JMX server as MBean [org.springframework.cloud.context.properties:name=configurationPropertiesRebinder,context=418c020b,type=ConfigurationPropertiesRebinder]
2020-03-16 20:15:51.926  INFO 6044 --- [main] o.s.j.e.a.AnnotationMBeanExporter        : Located MBean 'dataSource': registering with JMX server as MBean [com.zaxxer.hikari:name=dataSource,type=HikariDataSource]
2020-03-16 20:15:51.942  INFO 6044 --- [main] o.s.j.e.a.AnnotationMBeanExporter        : Located managed bean 'rabbitConnectionFactory': registering with JMX server as MBean [org.springframework.amqp.rabbit.connection:name=rabbitConnectionFactory,type=CachingConnectionFactory]
2020-03-16 20:15:51.973  INFO 6044 --- [main] o.s.c.support.DefaultLifecycleProcessor  : Starting beans in phase 0
2020-03-16 20:15:51.973  INFO 6044 --- [main] o.s.c.n.eureka.InstanceInfoFactory       : Setting initial instance status as: STARTING
2020-03-16 20:15:51.973  INFO 6044 --- [main] com.netflix.discovery.DiscoveryClient    : Initializing Eureka in region us-east-1
2020-03-16 20:15:51.973  INFO 6044 --- [main] c.n.d.provider.DiscoveryJerseyProvider   : Using JSON encoding codec LegacyJacksonJson
2020-03-16 20:15:51.973  INFO 6044 --- [main] c.n.d.provider.DiscoveryJerseyProvider   : Using JSON decoding codec LegacyJacksonJson
2020-03-16 20:15:51.989  INFO 6044 --- [main] c.n.d.provider.DiscoveryJerseyProvider   : Using XML encoding codec XStreamXml
2020-03-16 20:15:51.989  INFO 6044 --- [main] c.n.d.provider.DiscoveryJerseyProvider   : Using XML decoding codec XStreamXml
2020-03-16 20:15:52.035  INFO 6044 --- [main] c.n.d.s.r.aws.ConfigClusterResolver      : Resolving eureka endpoints via configuration
2020-03-16 20:15:52.035  INFO 6044 --- [main] com.netflix.discovery.DiscoveryClient    : Disable delta property : false
2020-03-16 20:15:52.035  INFO 6044 --- [main] com.netflix.discovery.DiscoveryClient    : Single vip registry refresh property : null
2020-03-16 20:15:52.035  INFO 6044 --- [main] com.netflix.discovery.DiscoveryClient    : Force full registry fetch : false
2020-03-16 20:15:52.035  INFO 6044 --- [main] com.netflix.discovery.DiscoveryClient    : Application is null : false
2020-03-16 20:15:52.035  INFO 6044 --- [main] com.netflix.discovery.DiscoveryClient    : Registered Applications size is zero : true
2020-03-16 20:15:52.035  INFO 6044 --- [main] com.netflix.discovery.DiscoveryClient    : Application version is -1: true
2020-03-16 20:15:52.035  INFO 6044 --- [main] com.netflix.discovery.DiscoveryClient    : Getting all instance registry info from the eureka server
2020-03-16 20:15:52.051  INFO 6044 --- [main] com.netflix.discovery.DiscoveryClient    : The response status is 200
2020-03-16 20:15:52.051  INFO 6044 --- [main] com.netflix.discovery.DiscoveryClient    : Starting heartbeat executor: renew interval is: 5
2020-03-16 20:15:52.051  INFO 6044 --- [main] c.n.discovery.InstanceInfoReplicator     : InstanceInfoReplicator onDemand update allowed rate per min is 4
2020-03-16 20:15:52.051  INFO 6044 --- [main] com.netflix.discovery.DiscoveryClient    : Discovery Client initialized at timestamp 1584360952051 with initial instances count: 6
2020-03-16 20:15:52.067  INFO 6044 --- [main] o.s.c.n.e.s.EurekaServiceRegistry        : Registering application background-manage with eureka with status UP
2020-03-16 20:15:52.067  INFO 6044 --- [main] com.netflix.discovery.DiscoveryClient    : Saw local status change event StatusChangeEvent [timestamp=1584360952067, current=UP, previous=STARTING]
2020-03-16 20:15:52.067  INFO 6044 --- [DiscoveryClient-InstanceInfoReplicator-0] com.netflix.discovery.DiscoveryClient    : DiscoveryClient_BACKGROUND-MANAGE/background-manage:1774601427: registering service...
2020-03-16 20:15:52.067  INFO 6044 --- [main] o.s.c.support.DefaultLifecycleProcessor  : Starting beans in phase 2147483647
2020-03-16 20:15:52.067  INFO 6044 --- [main] d.s.w.p.DocumentationPluginsBootstrapper : Context refreshed
2020-03-16 20:15:52.082  INFO 6044 --- [main] d.s.w.p.DocumentationPluginsBootstrapper : Found 1 custom documentation plugin(s)
2020-03-16 20:15:52.098  INFO 6044 --- [DiscoveryClient-InstanceInfoReplicator-0] com.netflix.discovery.DiscoveryClient    : DiscoveryClient_BACKGROUND-MANAGE/background-manage:1774601427 - registration status: 204
2020-03-16 20:15:52.129  INFO 6044 --- [main] s.d.s.w.s.ApiListingReferenceScanner     : Scanning for api listing references
2020-03-16 20:15:52.364  INFO 6044 --- [main] o.a.c.c.C.[Tomcat].[localhost].[/]       : Initializing Spring FrameworkServlet 'dispatcherServlet'
2020-03-16 20:15:52.364  INFO 6044 --- [main] o.s.web.servlet.DispatcherServlet        : FrameworkServlet 'dispatcherServlet': initialization started
2020-03-16 20:15:52.395  INFO 6044 --- [main] o.s.web.servlet.DispatcherServlet        : FrameworkServlet 'dispatcherServlet': initialization completed in 31 ms
2020-03-16 20:15:52.395  INFO 6044 --- [main] o.s.b.w.embedded.tomcat.TomcatWebServer  : Tomcat started on port(s): 9005 (http) with context path ''
2020-03-16 20:15:52.395  INFO 6044 --- [main] .s.c.n.e.s.EurekaAutoServiceRegistration : Updating port to 9005
2020-03-16 20:15:52.395  INFO 6044 --- [main] c.c.admin.BackgroundManageApplication    : Started BackgroundManageApplication in 21.187 seconds (JVM running for 23.253)
2020-03-16 20:15:53.285  INFO 6044 --- [RMI TCP Connection(9)-192.168.1.1] o.s.a.r.c.CachingConnectionFactory       : Attempting to connect to: [192.168.1.105:5672]
2020-03-16 20:15:53.332  INFO 6044 --- [RMI TCP Connection(9)-192.168.1.1] o.s.a.r.c.CachingConnectionFactory       : Created new connection: rabbitConnectionFactory#779fc4dc:0/SimpleConnection@c1a242b [delegate=amqp://cloud-dev@192.168.1.105:5672/, localPort= 55534]
2020-03-16 20:15:53.489  INFO 6044 --- [RMI TCP Connection(9)-192.168.1.1] c.c.c.ConfigServicePropertySourceLocator : Fetching config from server at : http://192.168.1.103:9001/
2020-03-16 20:15:53.770  INFO 6044 --- [RMI TCP Connection(9)-192.168.1.1] c.c.c.ConfigServicePropertySourceLocator : Located environment: name=background-manage, profiles=[dev], label=null, version=null, state=null
2020-03-16 20:15:53.863  INFO 6044 --- [RMI TCP Connection(9)-192.168.1.1] io.lettuce.core.EpollProvider            : Starting without optional epoll library
2020-03-16 20:15:53.863  INFO 6044 --- [RMI TCP Connection(9)-192.168.1.1] io.lettuce.core.KqueueProvider           : Starting without optional kqueue library
2020-03-16 20:20:52.051  INFO 6044 --- [AsyncResolver-bootstrap-executor-0] c.n.d.s.r.aws.ConfigClusterResolver      : Resolving eureka endpoints via configuration
2020-03-16 20:25:52.060  INFO 6044 --- [AsyncResolver-bootstrap-executor-0] c.n.d.s.r.aws.ConfigClusterResolver      : Resolving eureka endpoints via configuration
2020-03-16 20:30:52.066  INFO 6044 --- [AsyncResolver-bootstrap-executor-0] c.n.d.s.r.aws.ConfigClusterResolver      : Resolving eureka endpoints via configuration
2020-03-16 20:35:52.072  INFO 6044 --- [AsyncResolver-bootstrap-executor-0] c.n.d.s.r.aws.ConfigClusterResolver      : Resolving eureka endpoints via configuration
2020-03-16 20:40:52.078  INFO 6044 --- [AsyncResolver-bootstrap-executor-0] c.n.d.s.r.aws.ConfigClusterResolver      : Resolving eureka endpoints via configuration
2020-03-16 20:45:52.088  INFO 6044 --- [AsyncResolver-bootstrap-executor-0] c.n.d.s.r.aws.ConfigClusterResolver      : Resolving eureka endpoints via configuration
2020-03-16 20:50:52.095  INFO 6044 --- [AsyncResolver-bootstrap-executor-0] c.n.d.s.r.aws.ConfigClusterResolver      : Resolving eureka endpoints via configuration
2020-03-16 20:55:52.101  INFO 6044 --- [AsyncResolver-bootstrap-executor-0] c.n.d.s.r.aws.ConfigClusterResolver      : Resolving eureka endpoints via configuration
2020-03-16 21:00:52.107  INFO 6044 --- [AsyncResolver-bootstrap-executor-0] c.n.d.s.r.aws.ConfigClusterResolver      : Resolving eureka endpoints via configuration
2020-03-16 21:05:52.123  INFO 6044 --- [AsyncResolver-bootstrap-executor-0] c.n.d.s.r.aws.ConfigClusterResolver      : Resolving eureka endpoints via configuration
