2020-03-17 11:00:50.416  INFO 6000 --- [main] c.c.message.MessageCenterApplication     : No active profile set, falling back to default profiles: default
2020-03-17 11:00:50.448  INFO 6000 --- [main] ConfigServletWebServerApplicationContext : Refreshing org.springframework.boot.web.servlet.context.AnnotationConfigServletWebServerApplicationContext@f9cab00: startup date [Tue Mar 17 11:00:50 CST 2020]; parent: org.springframework.context.annotation.AnnotationConfigApplicationContext@ec2cc4
2020-03-17 11:00:51.541  INFO 6000 --- [main] .s.d.r.c.RepositoryConfigurationDelegate : Multiple Spring Data modules found, entering strict repository configuration mode!
2020-03-17 11:00:52.151  INFO 6000 --- [main] .s.d.r.c.RepositoryConfigurationDelegate : Multiple Spring Data modules found, entering strict repository configuration mode!
2020-03-17 11:00:52.182  INFO 6000 --- [main] .RepositoryConfigurationExtensionSupport : Spring Data Redis - Could not safely identify store assignment for repository candidate interface com.cloud.message.repository.ChatMsgRepository.
2020-03-17 11:00:52.479  INFO 6000 --- [main] o.s.b.f.s.DefaultListableBeanFactory     : Overriding bean definition for bean 'dataSource' with a different definition: replacing [Root bean: class [null]; scope=refresh; abstract=false; lazyInit=false; autowireMode=3; dependencyCheck=0; autowireCandidate=false; primary=false; factoryBeanName=org.springframework.boot.autoconfigure.jdbc.DataSourceConfiguration$Hikari; factoryMethodName=dataSource; initMethodName=null; destroyMethodName=(inferred); defined in class path resource [org/springframework/boot/autoconfigure/jdbc/DataSourceConfiguration$Hikari.class]] with [Root bean: class [org.springframework.aop.scope.ScopedProxyFactoryBean]; scope=; abstract=false; lazyInit=false; autowireMode=0; dependencyCheck=0; autowireCandidate=true; primary=false; factoryBeanName=null; factoryMethodName=null; initMethodName=null; destroyMethodName=null; defined in BeanDefinition defined in class path resource [org/springframework/boot/autoconfigure/jdbc/DataSourceConfiguration$Hikari.class]]
2020-03-17 11:00:53.072  INFO 6000 --- [main] o.s.cloud.context.scope.GenericScope     : BeanFactory id=ba7bbd4f-f2a0-3748-855e-632986207032
2020-03-17 11:00:53.119  INFO 6000 --- [main] f.a.AutowiredAnnotationBeanPostProcessor : JSR-330 'javax.inject.Inject' annotation found and supported for autowiring
2020-03-17 11:00:53.385  INFO 6000 --- [main] trationDelegate$BeanPostProcessorChecker : Bean 'org.springframework.transaction.annotation.ProxyTransactionManagementConfiguration' of type [org.springframework.transaction.annotation.ProxyTransactionManagementConfiguration$$EnhancerBySpringCGLIB$$6aaf0480] is not eligible for getting processed by all BeanPostProcessors (for example: not eligible for auto-proxying)
2020-03-17 11:00:53.869  INFO 6000 --- [main] trationDelegate$BeanPostProcessorChecker : Bean 'redisConfig' of type [com.cloud.common.redis.RedisConfig$$EnhancerBySpringCGLIB$$5a28772] is not eligible for getting processed by all BeanPostProcessors (for example: not eligible for auto-proxying)
2020-03-17 11:00:54.088  INFO 6000 --- [main] trationDelegate$BeanPostProcessorChecker : Bean 'org.springframework.cloud.autoconfigure.ConfigurationPropertiesRebinderAutoConfiguration' of type [org.springframework.cloud.autoconfigure.ConfigurationPropertiesRebinderAutoConfiguration$$EnhancerBySpringCGLIB$$86c9077d] is not eligible for getting processed by all BeanPostProcessors (for example: not eligible for auto-proxying)
2020-03-17 11:00:55.447  INFO 6000 --- [main] o.s.b.w.embedded.tomcat.TomcatWebServer  : Tomcat initialized with port(s): 9007 (http)
2020-03-17 11:00:55.479  INFO 6000 --- [main] o.apache.catalina.core.StandardService   : Starting service [Tomcat]
2020-03-17 11:00:55.479  INFO 6000 --- [main] org.apache.catalina.core.StandardEngine  : Starting Servlet Engine: Apache Tomcat/8.5.32
2020-03-17 11:00:55.494  INFO 6000 --- [localhost-startStop-1] o.a.catalina.core.AprLifecycleListener   : The APR based Apache Tomcat Native library which allows optimal performance in production environments was not found on the java.library.path: [G:\jdk\bin;C:\windows\Sun\Java\bin;C:\windows\system32;C:\windows;C:\ProgramData\Oracle\Java\javapath;C:\windows\system32;C:\windows;C:\windows\System32\Wbem;C:\windows\System32\WindowsPowerShell\v1.0\;C:\windows\System32\OpenSSH\;"%JAVA_HOME%\bin;%JAVA_HOME%\jre\bin;";G:\erl9.2\bin;C:\Program Files\TortoiseSVN\bin;G:\apache-maven-3.6.1\bin;C:\Users\Administrator\AppData\Local\Microsoft\WindowsApps;;.]
2020-03-17 11:00:55.869  INFO 6000 --- [localhost-startStop-1] o.a.c.c.C.[Tomcat].[localhost].[/]       : Initializing Spring embedded WebApplicationContext
2020-03-17 11:00:55.869  INFO 6000 --- [localhost-startStop-1] o.s.web.context.ContextLoader            : Root WebApplicationContext: initialization completed in 5421 ms
2020-03-17 11:00:56.229  WARN 6000 --- [localhost-startStop-1] c.n.c.sources.URLConfigurationSource     : No URLs will be polled as dynamic configuration sources.
2020-03-17 11:00:56.229  INFO 6000 --- [localhost-startStop-1] c.n.c.sources.URLConfigurationSource     : To enable URLs as dynamic configuration sources, define System property archaius.configurationSource.additionalUrls or make config.properties available on classpath.
2020-03-17 11:00:56.260  INFO 6000 --- [localhost-startStop-1] c.netflix.config.DynamicPropertyFactory  : DynamicPropertyFactory is initialized with configuration sources: com.netflix.config.ConcurrentCompositeConfiguration@5211c9e1
2020-03-17 11:00:58.932  INFO 6000 --- [localhost-startStop-1] o.s.cloud.commons.util.InetUtils         : Cannot determine local hostname
2020-03-17 11:01:01.150  INFO 6000 --- [localhost-startStop-1] o.s.cloud.commons.util.InetUtils         : Cannot determine local hostname
2020-03-17 11:01:02.322  INFO 6000 --- [localhost-startStop-1] o.s.b.w.servlet.FilterRegistrationBean   : Mapping filter: 'characterEncodingFilter' to: [/*]
2020-03-17 11:01:02.322  INFO 6000 --- [localhost-startStop-1] o.s.b.w.servlet.FilterRegistrationBean   : Mapping filter: 'webMvcMetricsFilter' to: [/*]
2020-03-17 11:01:02.322  INFO 6000 --- [localhost-startStop-1] o.s.b.w.servlet.FilterRegistrationBean   : Mapping filter: 'hiddenHttpMethodFilter' to: [/*]
2020-03-17 11:01:02.322  INFO 6000 --- [localhost-startStop-1] o.s.b.w.servlet.FilterRegistrationBean   : Mapping filter: 'httpPutFormContentFilter' to: [/*]
2020-03-17 11:01:02.322  INFO 6000 --- [localhost-startStop-1] o.s.b.w.servlet.FilterRegistrationBean   : Mapping filter: 'requestContextFilter' to: [/*]
2020-03-17 11:01:02.322  INFO 6000 --- [localhost-startStop-1] o.s.b.w.servlet.FilterRegistrationBean   : Mapping filter: 'httpTraceFilter' to: [/*]
2020-03-17 11:01:02.322  INFO 6000 --- [localhost-startStop-1] o.s.b.w.servlet.ServletRegistrationBean  : Servlet dispatcherServlet mapped to [/]
2020-03-17 11:01:02.447  INFO 6000 --- [main] com.zaxxer.hikari.HikariDataSource       : HikariPool-1 - Starting...
2020-03-17 11:01:03.166  INFO 6000 --- [main] com.zaxxer.hikari.HikariDataSource       : HikariPool-1 - Start completed.
2020-03-17 11:01:03.244  INFO 6000 --- [main] j.LocalContainerEntityManagerFactoryBean : Building JPA container EntityManagerFactory for persistence unit 'default'
2020-03-17 11:01:03.244  INFO 6000 --- [main] o.hibernate.jpa.internal.util.LogHelper  : HHH000204: Processing PersistenceUnitInfo [
	name: default
	...]
2020-03-17 11:01:03.322  INFO 6000 --- [main] org.hibernate.Version                    : HHH000412: Hibernate Core {5.2.17.Final}
2020-03-17 11:01:03.322  INFO 6000 --- [main] org.hibernate.cfg.Environment            : HHH000206: hibernate.properties not found
2020-03-17 11:01:03.369  INFO 6000 --- [main] o.hibernate.annotations.common.Version   : HCANN000001: Hibernate Commons Annotations {5.0.1.Final}
2020-03-17 11:01:03.760  INFO 6000 --- [main] org.hibernate.dialect.Dialect            : HHH000400: Using dialect: org.hibernate.dialect.MySQL5Dialect
2020-03-17 11:01:04.478  INFO 6000 --- [main] j.LocalContainerEntityManagerFactoryBean : Initialized JPA EntityManagerFactory for persistence unit 'default'
2020-03-17 11:01:05.494  WARN 6000 --- [main] aWebConfiguration$JpaWebMvcConfiguration : spring.jpa.open-in-view is enabled by default. Therefore, database queries may be performed during view rendering. Explicitly configure spring.jpa.open-in-view to disable this warning
2020-03-17 11:01:05.588  INFO 6000 --- [main] s.w.s.m.m.a.RequestMappingHandlerMapping : Mapped "{[/api/internal/saveChatMsg.do],methods=[POST]}" onto public com.cloud.common.response.SimpleResponse com.cloud.message.controller.ChatMsgController.saveChatMsg(com.cloud.model.message.ChatMsgDTO) throws java.lang.Exception
2020-03-17 11:01:05.588  INFO 6000 --- [main] s.w.s.m.m.a.RequestMappingHandlerMapping : Mapped "{[/api/internal/updateChatMsg.do],methods=[POST]}" onto public com.cloud.common.response.SimpleResponse com.cloud.message.controller.ChatMsgController.updateChatMsg(java.lang.String) throws java.lang.Exception
2020-03-17 11:01:05.588  INFO 6000 --- [main] s.w.s.m.m.a.RequestMappingHandlerMapping : Mapped "{[/api/queryUnReadMsgList.do],methods=[GET]}" onto public com.cloud.common.response.ApiResponse<com.cloud.message.vo.ChatMsgVO> com.cloud.message.controller.ChatMsgController.queryUnReadMsgList() throws java.lang.Exception
2020-03-17 11:01:05.588  INFO 6000 --- [main] s.w.s.m.m.a.RequestMappingHandlerMapping : Mapped "{[/swagger-resources]}" onto public org.springframework.http.ResponseEntity<java.util.List<springfox.documentation.swagger.web.SwaggerResource>> springfox.documentation.swagger.web.ApiResourceController.swaggerResources()
2020-03-17 11:01:05.588  INFO 6000 --- [main] s.w.s.m.m.a.RequestMappingHandlerMapping : Mapped "{[/swagger-resources/configuration/ui]}" onto public org.springframework.http.ResponseEntity<springfox.documentation.swagger.web.UiConfiguration> springfox.documentation.swagger.web.ApiResourceController.uiConfiguration()
2020-03-17 11:01:05.588  INFO 6000 --- [main] s.w.s.m.m.a.RequestMappingHandlerMapping : Mapped "{[/swagger-resources/configuration/security]}" onto public org.springframework.http.ResponseEntity<springfox.documentation.swagger.web.SecurityConfiguration> springfox.documentation.swagger.web.ApiResourceController.securityConfiguration()
2020-03-17 11:01:05.588  INFO 6000 --- [main] s.w.s.m.m.a.RequestMappingHandlerMapping : Mapped "{[/error]}" onto public org.springframework.http.ResponseEntity<java.util.Map<java.lang.String, java.lang.Object>> org.springframework.boot.autoconfigure.web.servlet.error.BasicErrorController.error(javax.servlet.http.HttpServletRequest)
2020-03-17 11:01:05.588  INFO 6000 --- [main] s.w.s.m.m.a.RequestMappingHandlerMapping : Mapped "{[/error],produces=[text/html]}" onto public org.springframework.web.servlet.ModelAndView org.springframework.boot.autoconfigure.web.servlet.error.BasicErrorController.errorHtml(javax.servlet.http.HttpServletRequest,javax.servlet.http.HttpServletResponse)
2020-03-17 11:01:05.744  INFO 6000 --- [main] o.s.b.a.e.web.EndpointLinksResolver      : Exposing 19 endpoint(s) beneath base path '/actuator'
2020-03-17 11:01:05.760  INFO 6000 --- [main] s.b.a.e.w.s.WebMvcEndpointHandlerMapping : Mapped "{[/actuator/archaius],methods=[GET],produces=[application/vnd.spring-boot.actuator.v2+json || application/json]}" onto public java.lang.Object org.springframework.boot.actuate.endpoint.web.servlet.AbstractWebMvcEndpointHandlerMapping$OperationHandler.handle(javax.servlet.http.HttpServletRequest,java.util.Map<java.lang.String, java.lang.String>)
2020-03-17 11:01:05.760  INFO 6000 --- [main] s.b.a.e.w.s.WebMvcEndpointHandlerMapping : Mapped "{[/actuator/auditevents],methods=[GET],produces=[application/vnd.spring-boot.actuator.v2+json || application/json]}" onto public java.lang.Object org.springframework.boot.actuate.endpoint.web.servlet.AbstractWebMvcEndpointHandlerMapping$OperationHandler.handle(javax.servlet.http.HttpServletRequest,java.util.Map<java.lang.String, java.lang.String>)
2020-03-17 11:01:05.760  INFO 6000 --- [main] s.b.a.e.w.s.WebMvcEndpointHandlerMapping : Mapped "{[/actuator/beans],methods=[GET],produces=[application/vnd.spring-boot.actuator.v2+json || application/json]}" onto public java.lang.Object org.springframework.boot.actuate.endpoint.web.servlet.AbstractWebMvcEndpointHandlerMapping$OperationHandler.handle(javax.servlet.http.HttpServletRequest,java.util.Map<java.lang.String, java.lang.String>)
2020-03-17 11:01:05.760  INFO 6000 --- [main] s.b.a.e.w.s.WebMvcEndpointHandlerMapping : Mapped "{[/actuator/health],methods=[GET],produces=[application/vnd.spring-boot.actuator.v2+json || application/json]}" onto public java.lang.Object org.springframework.boot.actuate.endpoint.web.servlet.AbstractWebMvcEndpointHandlerMapping$OperationHandler.handle(javax.servlet.http.HttpServletRequest,java.util.Map<java.lang.String, java.lang.String>)
2020-03-17 11:01:05.760  INFO 6000 --- [main] s.b.a.e.w.s.WebMvcEndpointHandlerMapping : Mapped "{[/actuator/conditions],methods=[GET],produces=[application/vnd.spring-boot.actuator.v2+json || application/json]}" onto public java.lang.Object org.springframework.boot.actuate.endpoint.web.servlet.AbstractWebMvcEndpointHandlerMapping$OperationHandler.handle(javax.servlet.http.HttpServletRequest,java.util.Map<java.lang.String, java.lang.String>)
2020-03-17 11:01:05.760  INFO 6000 --- [main] s.b.a.e.w.s.WebMvcEndpointHandlerMapping : Mapped "{[/actuator/configprops],methods=[GET],produces=[application/vnd.spring-boot.actuator.v2+json || application/json]}" onto public java.lang.Object org.springframework.boot.actuate.endpoint.web.servlet.AbstractWebMvcEndpointHandlerMapping$OperationHandler.handle(javax.servlet.http.HttpServletRequest,java.util.Map<java.lang.String, java.lang.String>)
2020-03-17 11:01:05.760  INFO 6000 --- [main] s.b.a.e.w.s.WebMvcEndpointHandlerMapping : Mapped "{[/actuator/env],methods=[GET],produces=[application/vnd.spring-boot.actuator.v2+json || application/json]}" onto public java.lang.Object org.springframework.boot.actuate.endpoint.web.servlet.AbstractWebMvcEndpointHandlerMapping$OperationHandler.handle(javax.servlet.http.HttpServletRequest,java.util.Map<java.lang.String, java.lang.String>)
2020-03-17 11:01:05.760  INFO 6000 --- [main] s.b.a.e.w.s.WebMvcEndpointHandlerMapping : Mapped "{[/actuator/env/{toMatch}],methods=[GET],produces=[application/vnd.spring-boot.actuator.v2+json || application/json]}" onto public java.lang.Object org.springframework.boot.actuate.endpoint.web.servlet.AbstractWebMvcEndpointHandlerMapping$OperationHandler.handle(javax.servlet.http.HttpServletRequest,java.util.Map<java.lang.String, java.lang.String>)
2020-03-17 11:01:05.760  INFO 6000 --- [main] s.b.a.e.w.s.WebMvcEndpointHandlerMapping : Mapped "{[/actuator/env],methods=[POST],consumes=[application/vnd.spring-boot.actuator.v2+json || application/json],produces=[application/vnd.spring-boot.actuator.v2+json || application/json]}" onto public java.lang.Object org.springframework.boot.actuate.endpoint.web.servlet.AbstractWebMvcEndpointHandlerMapping$OperationHandler.handle(javax.servlet.http.HttpServletRequest,java.util.Map<java.lang.String, java.lang.String>)
2020-03-17 11:01:05.760  INFO 6000 --- [main] s.b.a.e.w.s.WebMvcEndpointHandlerMapping : Mapped "{[/actuator/env],methods=[DELETE],produces=[application/vnd.spring-boot.actuator.v2+json || application/json]}" onto public java.lang.Object org.springframework.boot.actuate.endpoint.web.servlet.AbstractWebMvcEndpointHandlerMapping$OperationHandler.handle(javax.servlet.http.HttpServletRequest,java.util.Map<java.lang.String, java.lang.String>)
2020-03-17 11:01:05.760  INFO 6000 --- [main] s.b.a.e.w.s.WebMvcEndpointHandlerMapping : Mapped "{[/actuator/info],methods=[GET],produces=[application/vnd.spring-boot.actuator.v2+json || application/json]}" onto public java.lang.Object org.springframework.boot.actuate.endpoint.web.servlet.AbstractWebMvcEndpointHandlerMapping$OperationHandler.handle(javax.servlet.http.HttpServletRequest,java.util.Map<java.lang.String, java.lang.String>)
2020-03-17 11:01:05.760  INFO 6000 --- [main] s.b.a.e.w.s.WebMvcEndpointHandlerMapping : Mapped "{[/actuator/logfile],methods=[GET],produces=[application/octet-stream]}" onto public java.lang.Object org.springframework.boot.actuate.endpoint.web.servlet.AbstractWebMvcEndpointHandlerMapping$OperationHandler.handle(javax.servlet.http.HttpServletRequest,java.util.Map<java.lang.String, java.lang.String>)
2020-03-17 11:01:05.760  INFO 6000 --- [main] s.b.a.e.w.s.WebMvcEndpointHandlerMapping : Mapped "{[/actuator/loggers],methods=[GET],produces=[application/vnd.spring-boot.actuator.v2+json || application/json]}" onto public java.lang.Object org.springframework.boot.actuate.endpoint.web.servlet.AbstractWebMvcEndpointHandlerMapping$OperationHandler.handle(javax.servlet.http.HttpServletRequest,java.util.Map<java.lang.String, java.lang.String>)
2020-03-17 11:01:05.760  INFO 6000 --- [main] s.b.a.e.w.s.WebMvcEndpointHandlerMapping : Mapped "{[/actuator/loggers/{name}],methods=[GET],produces=[application/vnd.spring-boot.actuator.v2+json || application/json]}" onto public java.lang.Object org.springframework.boot.actuate.endpoint.web.servlet.AbstractWebMvcEndpointHandlerMapping$OperationHandler.handle(javax.servlet.http.HttpServletRequest,java.util.Map<java.lang.String, java.lang.String>)
2020-03-17 11:01:05.760  INFO 6000 --- [main] s.b.a.e.w.s.WebMvcEndpointHandlerMapping : Mapped "{[/actuator/loggers/{name}],methods=[POST],consumes=[application/vnd.spring-boot.actuator.v2+json || application/json]}" onto public java.lang.Object org.springframework.boot.actuate.endpoint.web.servlet.AbstractWebMvcEndpointHandlerMapping$OperationHandler.handle(javax.servlet.http.HttpServletRequest,java.util.Map<java.lang.String, java.lang.String>)
2020-03-17 11:01:05.760  INFO 6000 --- [main] s.b.a.e.w.s.WebMvcEndpointHandlerMapping : Mapped "{[/actuator/heapdump],methods=[GET],produces=[application/octet-stream]}" onto public java.lang.Object org.springframework.boot.actuate.endpoint.web.servlet.AbstractWebMvcEndpointHandlerMapping$OperationHandler.handle(javax.servlet.http.HttpServletRequest,java.util.Map<java.lang.String, java.lang.String>)
2020-03-17 11:01:05.760  INFO 6000 --- [main] s.b.a.e.w.s.WebMvcEndpointHandlerMapping : Mapped "{[/actuator/threaddump],methods=[GET],produces=[application/vnd.spring-boot.actuator.v2+json || application/json]}" onto public java.lang.Object org.springframework.boot.actuate.endpoint.web.servlet.AbstractWebMvcEndpointHandlerMapping$OperationHandler.handle(javax.servlet.http.HttpServletRequest,java.util.Map<java.lang.String, java.lang.String>)
2020-03-17 11:01:05.760  INFO 6000 --- [main] s.b.a.e.w.s.WebMvcEndpointHandlerMapping : Mapped "{[/actuator/metrics/{requiredMetricName}],methods=[GET],produces=[application/vnd.spring-boot.actuator.v2+json || application/json]}" onto public java.lang.Object org.springframework.boot.actuate.endpoint.web.servlet.AbstractWebMvcEndpointHandlerMapping$OperationHandler.handle(javax.servlet.http.HttpServletRequest,java.util.Map<java.lang.String, java.lang.String>)
2020-03-17 11:01:05.760  INFO 6000 --- [main] s.b.a.e.w.s.WebMvcEndpointHandlerMapping : Mapped "{[/actuator/metrics],methods=[GET],produces=[application/vnd.spring-boot.actuator.v2+json || application/json]}" onto public java.lang.Object org.springframework.boot.actuate.endpoint.web.servlet.AbstractWebMvcEndpointHandlerMapping$OperationHandler.handle(javax.servlet.http.HttpServletRequest,java.util.Map<java.lang.String, java.lang.String>)
2020-03-17 11:01:05.760  INFO 6000 --- [main] s.b.a.e.w.s.WebMvcEndpointHandlerMapping : Mapped "{[/actuator/scheduledtasks],methods=[GET],produces=[application/vnd.spring-boot.actuator.v2+json || application/json]}" onto public java.lang.Object org.springframework.boot.actuate.endpoint.web.servlet.AbstractWebMvcEndpointHandlerMapping$OperationHandler.handle(javax.servlet.http.HttpServletRequest,java.util.Map<java.lang.String, java.lang.String>)
2020-03-17 11:01:05.775  INFO 6000 --- [main] s.b.a.e.w.s.WebMvcEndpointHandlerMapping : Mapped "{[/actuator/httptrace],methods=[GET],produces=[application/vnd.spring-boot.actuator.v2+json || application/json]}" onto public java.lang.Object org.springframework.boot.actuate.endpoint.web.servlet.AbstractWebMvcEndpointHandlerMapping$OperationHandler.handle(javax.servlet.http.HttpServletRequest,java.util.Map<java.lang.String, java.lang.String>)
2020-03-17 11:01:05.775  INFO 6000 --- [main] s.b.a.e.w.s.WebMvcEndpointHandlerMapping : Mapped "{[/actuator/mappings],methods=[GET],produces=[application/vnd.spring-boot.actuator.v2+json || application/json]}" onto public java.lang.Object org.springframework.boot.actuate.endpoint.web.servlet.AbstractWebMvcEndpointHandlerMapping$OperationHandler.handle(javax.servlet.http.HttpServletRequest,java.util.Map<java.lang.String, java.lang.String>)
2020-03-17 11:01:05.775  INFO 6000 --- [main] s.b.a.e.w.s.WebMvcEndpointHandlerMapping : Mapped "{[/actuator/refresh],methods=[POST],produces=[application/vnd.spring-boot.actuator.v2+json || application/json]}" onto public java.lang.Object org.springframework.boot.actuate.endpoint.web.servlet.AbstractWebMvcEndpointHandlerMapping$OperationHandler.handle(javax.servlet.http.HttpServletRequest,java.util.Map<java.lang.String, java.lang.String>)
2020-03-17 11:01:05.775  INFO 6000 --- [main] s.b.a.e.w.s.WebMvcEndpointHandlerMapping : Mapped "{[/actuator/features],methods=[GET],produces=[application/vnd.spring-boot.actuator.v2+json || application/json]}" onto public java.lang.Object org.springframework.boot.actuate.endpoint.web.servlet.AbstractWebMvcEndpointHandlerMapping$OperationHandler.handle(javax.servlet.http.HttpServletRequest,java.util.Map<java.lang.String, java.lang.String>)
2020-03-17 11:01:05.775  INFO 6000 --- [main] s.b.a.e.w.s.WebMvcEndpointHandlerMapping : Mapped "{[/actuator/service-registry],methods=[GET],produces=[application/vnd.spring-boot.actuator.v2+json || application/json]}" onto public java.lang.Object org.springframework.boot.actuate.endpoint.web.servlet.AbstractWebMvcEndpointHandlerMapping$OperationHandler.handle(javax.servlet.http.HttpServletRequest,java.util.Map<java.lang.String, java.lang.String>)
2020-03-17 11:01:05.775  INFO 6000 --- [main] s.b.a.e.w.s.WebMvcEndpointHandlerMapping : Mapped "{[/actuator/service-registry],methods=[POST],consumes=[application/vnd.spring-boot.actuator.v2+json || application/json],produces=[application/vnd.spring-boot.actuator.v2+json || application/json]}" onto public java.lang.Object org.springframework.boot.actuate.endpoint.web.servlet.AbstractWebMvcEndpointHandlerMapping$OperationHandler.handle(javax.servlet.http.HttpServletRequest,java.util.Map<java.lang.String, java.lang.String>)
2020-03-17 11:01:05.775  INFO 6000 --- [main] s.b.a.e.w.s.WebMvcEndpointHandlerMapping : Mapped "{[/actuator],methods=[GET],produces=[application/vnd.spring-boot.actuator.v2+json || application/json]}" onto protected java.util.Map<java.lang.String, java.util.Map<java.lang.String, org.springframework.boot.actuate.endpoint.web.Link>> org.springframework.boot.actuate.endpoint.web.servlet.WebMvcEndpointHandlerMapping.links(javax.servlet.http.HttpServletRequest,javax.servlet.http.HttpServletResponse)
2020-03-17 11:01:06.119  INFO 6000 --- [main] pertySourcedRequestMappingHandlerMapping : Mapped URL path [/v2/api-docs] onto method [public org.springframework.http.ResponseEntity<springfox.documentation.spring.web.json.Json> springfox.documentation.swagger2.web.Swagger2Controller.getDocumentation(java.lang.String,javax.servlet.http.HttpServletRequest)]
2020-03-17 11:01:06.181  WARN 6000 --- [main] c.n.c.sources.URLConfigurationSource     : No URLs will be polled as dynamic configuration sources.
2020-03-17 11:01:06.181  INFO 6000 --- [main] c.n.c.sources.URLConfigurationSource     : To enable URLs as dynamic configuration sources, define System property archaius.configurationSource.additionalUrls or make config.properties available on classpath.
2020-03-17 11:01:06.291  INFO 6000 --- [main] o.s.w.s.handler.SimpleUrlHandlerMapping  : Mapped URL path [/**/favicon.ico] onto handler of type [class org.springframework.web.servlet.resource.ResourceHttpRequestHandler]
2020-03-17 11:01:06.416  INFO 6000 --- [main] s.w.s.m.m.a.RequestMappingHandlerAdapter : Looking for @ControllerAdvice: org.springframework.boot.web.servlet.context.AnnotationConfigServletWebServerApplicationContext@f9cab00: startup date [Tue Mar 17 11:00:50 CST 2020]; parent: org.springframework.context.annotation.AnnotationConfigApplicationContext@ec2cc4
2020-03-17 11:01:06.494  INFO 6000 --- [main] o.s.w.s.handler.SimpleUrlHandlerMapping  : Mapped URL path [/webjars/**] onto handler of type [class org.springframework.web.servlet.resource.ResourceHttpRequestHandler]
2020-03-17 11:01:06.494  INFO 6000 --- [main] o.s.w.s.handler.SimpleUrlHandlerMapping  : Mapped URL path [/**] onto handler of type [class org.springframework.web.servlet.resource.ResourceHttpRequestHandler]
2020-03-17 11:01:06.525  INFO 6000 --- [main] .m.m.a.ExceptionHandlerExceptionResolver : Detected @ExceptionHandler methods in globalExceptionHandler
2020-03-17 11:01:07.416  INFO 6000 --- [main] com.netflix.discovery.DiscoveryClient    : Shutting down DiscoveryClient ...
2020-03-17 11:01:07.431  INFO 6000 --- [main] com.netflix.discovery.DiscoveryClient    : Completed shut down of DiscoveryClient
2020-03-17 11:01:07.541  INFO 6000 --- [main] o.s.j.e.a.AnnotationMBeanExporter        : Registering beans for JMX exposure on startup
2020-03-17 11:01:07.541  INFO 6000 --- [main] o.s.j.e.a.AnnotationMBeanExporter        : Bean with name 'dataSource' has been autodetected for JMX exposure
2020-03-17 11:01:07.556  INFO 6000 --- [main] o.s.j.e.a.AnnotationMBeanExporter        : Bean with name 'environmentManager' has been autodetected for JMX exposure
2020-03-17 11:01:07.556  INFO 6000 --- [main] o.s.j.e.a.AnnotationMBeanExporter        : Bean with name 'refreshScope' has been autodetected for JMX exposure
2020-03-17 11:01:07.556  INFO 6000 --- [main] o.s.j.e.a.AnnotationMBeanExporter        : Bean with name 'configurationPropertiesRebinder' has been autodetected for JMX exposure
2020-03-17 11:01:07.556  INFO 6000 --- [main] o.s.j.e.a.AnnotationMBeanExporter        : Located managed bean 'environmentManager': registering with JMX server as MBean [org.springframework.cloud.context.environment:name=environmentManager,type=EnvironmentManager]
2020-03-17 11:01:07.572  INFO 6000 --- [main] o.s.j.e.a.AnnotationMBeanExporter        : Located managed bean 'refreshScope': registering with JMX server as MBean [org.springframework.cloud.context.scope.refresh:name=refreshScope,type=RefreshScope]
2020-03-17 11:01:07.588  INFO 6000 --- [main] o.s.j.e.a.AnnotationMBeanExporter        : Located managed bean 'configurationPropertiesRebinder': registering with JMX server as MBean [org.springframework.cloud.context.properties:name=configurationPropertiesRebinder,context=f9cab00,type=ConfigurationPropertiesRebinder]
2020-03-17 11:01:07.588  INFO 6000 --- [main] o.s.j.e.a.AnnotationMBeanExporter        : Located MBean 'dataSource': registering with JMX server as MBean [com.zaxxer.hikari:name=dataSource,type=HikariDataSource]
2020-03-17 11:01:07.619  INFO 6000 --- [main] o.s.c.support.DefaultLifecycleProcessor  : Starting beans in phase 0
2020-03-17 11:01:07.619  INFO 6000 --- [main] o.s.c.n.eureka.InstanceInfoFactory       : Setting initial instance status as: STARTING
2020-03-17 11:01:07.619  INFO 6000 --- [main] com.netflix.discovery.DiscoveryClient    : Initializing Eureka in region us-east-1
2020-03-17 11:01:07.619  INFO 6000 --- [main] c.n.d.provider.DiscoveryJerseyProvider   : Using JSON encoding codec LegacyJacksonJson
2020-03-17 11:01:07.619  INFO 6000 --- [main] c.n.d.provider.DiscoveryJerseyProvider   : Using JSON decoding codec LegacyJacksonJson
2020-03-17 11:01:07.619  INFO 6000 --- [main] c.n.d.provider.DiscoveryJerseyProvider   : Using XML encoding codec XStreamXml
2020-03-17 11:01:07.619  INFO 6000 --- [main] c.n.d.provider.DiscoveryJerseyProvider   : Using XML decoding codec XStreamXml
2020-03-17 11:01:07.744  INFO 6000 --- [main] c.n.d.s.r.aws.ConfigClusterResolver      : Resolving eureka endpoints via configuration
2020-03-17 11:01:07.759  INFO 6000 --- [main] com.netflix.discovery.DiscoveryClient    : Disable delta property : false
2020-03-17 11:01:07.759  INFO 6000 --- [main] com.netflix.discovery.DiscoveryClient    : Single vip registry refresh property : null
2020-03-17 11:01:07.759  INFO 6000 --- [main] com.netflix.discovery.DiscoveryClient    : Force full registry fetch : false
2020-03-17 11:01:07.759  INFO 6000 --- [main] com.netflix.discovery.DiscoveryClient    : Application is null : false
2020-03-17 11:01:07.759  INFO 6000 --- [main] com.netflix.discovery.DiscoveryClient    : Registered Applications size is zero : true
2020-03-17 11:01:07.759  INFO 6000 --- [main] com.netflix.discovery.DiscoveryClient    : Application version is -1: true
2020-03-17 11:01:07.759  INFO 6000 --- [main] com.netflix.discovery.DiscoveryClient    : Getting all instance registry info from the eureka server
2020-03-17 11:01:07.775  INFO 6000 --- [main] com.netflix.discovery.DiscoveryClient    : The response status is 200
2020-03-17 11:01:07.775  INFO 6000 --- [main] com.netflix.discovery.DiscoveryClient    : Starting heartbeat executor: renew interval is: 5
2020-03-17 11:01:07.775  INFO 6000 --- [main] c.n.discovery.InstanceInfoReplicator     : InstanceInfoReplicator onDemand update allowed rate per min is 4
2020-03-17 11:01:07.775  INFO 6000 --- [main] com.netflix.discovery.DiscoveryClient    : Discovery Client initialized at timestamp 1584414067775 with initial instances count: 3
2020-03-17 11:01:07.775  INFO 6000 --- [main] o.s.c.n.e.s.EurekaServiceRegistry        : Registering application message-center with eureka with status UP
2020-03-17 11:01:07.775  INFO 6000 --- [main] com.netflix.discovery.DiscoveryClient    : Saw local status change event StatusChangeEvent [timestamp=1584414067775, current=UP, previous=STARTING]
2020-03-17 11:01:07.791  INFO 6000 --- [DiscoveryClient-InstanceInfoReplicator-0] com.netflix.discovery.DiscoveryClient    : DiscoveryClient_MESSAGE-CENTER/message-center:-119089746: registering service...
2020-03-17 11:01:07.791  INFO 6000 --- [main] o.s.c.support.DefaultLifecycleProcessor  : Starting beans in phase 2147483647
2020-03-17 11:01:07.791  INFO 6000 --- [main] d.s.w.p.DocumentationPluginsBootstrapper : Context refreshed
2020-03-17 11:01:07.806  INFO 6000 --- [main] d.s.w.p.DocumentationPluginsBootstrapper : Found 1 custom documentation plugin(s)
2020-03-17 11:01:07.822  INFO 6000 --- [DiscoveryClient-InstanceInfoReplicator-0] com.netflix.discovery.DiscoveryClient    : DiscoveryClient_MESSAGE-CENTER/message-center:-119089746 - registration status: 204
2020-03-17 11:01:07.853  INFO 6000 --- [main] s.d.s.w.s.ApiListingReferenceScanner     : Scanning for api listing references
2020-03-17 11:01:07.916  INFO 6000 --- [main] o.a.c.c.C.[Tomcat].[localhost].[/]       : Initializing Spring FrameworkServlet 'dispatcherServlet'
2020-03-17 11:01:07.916  INFO 6000 --- [main] o.s.web.servlet.DispatcherServlet        : FrameworkServlet 'dispatcherServlet': initialization started
2020-03-17 11:01:07.947  INFO 6000 --- [main] o.s.web.servlet.DispatcherServlet        : FrameworkServlet 'dispatcherServlet': initialization completed in 31 ms
2020-03-17 11:01:07.947  INFO 6000 --- [main] o.s.b.w.embedded.tomcat.TomcatWebServer  : Tomcat started on port(s): 9007 (http) with context path ''
2020-03-17 11:01:07.947  INFO 6000 --- [main] .s.c.n.e.s.EurekaAutoServiceRegistration : Updating port to 9007
2020-03-17 11:01:07.947  INFO 6000 --- [main] c.c.message.MessageCenterApplication     : Started MessageCenterApplication in 27.046 seconds (JVM running for 28.789)
2020-03-17 11:01:08.541  INFO 6000 --- [RMI TCP Connection(7)-192.168.1.1] c.c.c.ConfigServicePropertySourceLocator : Fetching config from server at : http://192.168.1.103:9001/
2020-03-17 11:01:08.822  INFO 6000 --- [RMI TCP Connection(7)-192.168.1.1] c.c.c.ConfigServicePropertySourceLocator : Located environment: name=message-center, profiles=[dev], label=null, version=null, state=null
2020-03-17 11:01:08.978  INFO 6000 --- [RMI TCP Connection(7)-192.168.1.1] io.lettuce.core.EpollProvider            : Starting without optional epoll library
2020-03-17 11:01:08.994  INFO 6000 --- [RMI TCP Connection(7)-192.168.1.1] io.lettuce.core.KqueueProvider           : Starting without optional kqueue library
2020-03-17 11:01:56.024  INFO 6000 --- [http-nio-9007-exec-1] o.h.h.i.QueryTranslatorFactoryInitiator  : HHH000397: Using ASTQueryTranslatorFactory
2020-03-17 11:04:04.504  INFO 6000 --- [Thread-48] ConfigServletWebServerApplicationContext : Closing org.springframework.boot.web.servlet.context.AnnotationConfigServletWebServerApplicationContext@f9cab00: startup date [Tue Mar 17 11:00:50 CST 2020]; parent: org.springframework.context.annotation.AnnotationConfigApplicationContext@ec2cc4
2020-03-17 11:04:04.504  INFO 6000 --- [Thread-48] o.s.c.n.e.s.EurekaServiceRegistry        : Unregistering application message-center with eureka with status DOWN
2020-03-17 11:04:04.504  WARN 6000 --- [Thread-48] com.netflix.discovery.DiscoveryClient    : Saw local status change event StatusChangeEvent [timestamp=1584414244504, current=DOWN, previous=UP]
2020-03-17 11:04:04.504  INFO 6000 --- [DiscoveryClient-InstanceInfoReplicator-0] com.netflix.discovery.DiscoveryClient    : DiscoveryClient_MESSAGE-CENTER/message-center:-119089746: registering service...
2020-03-17 11:04:04.519  INFO 6000 --- [Thread-48] o.s.c.support.DefaultLifecycleProcessor  : Stopping beans in phase 2147483647
2020-03-17 11:04:04.519  INFO 6000 --- [Thread-48] o.s.c.support.DefaultLifecycleProcessor  : Stopping beans in phase 0
2020-03-17 11:04:04.519  INFO 6000 --- [Thread-48] o.s.j.e.a.AnnotationMBeanExporter        : Unregistering JMX-exposed beans on shutdown
2020-03-17 11:04:04.519  INFO 6000 --- [Thread-48] o.s.j.e.a.AnnotationMBeanExporter        : Unregistering JMX-exposed beans
2020-03-17 11:04:04.519  INFO 6000 --- [Thread-48] j.LocalContainerEntityManagerFactoryBean : Closing JPA EntityManagerFactory for persistence unit 'default'
2020-03-17 11:04:04.519  INFO 6000 --- [Thread-48] com.netflix.discovery.DiscoveryClient    : Shutting down DiscoveryClient ...
2020-03-17 11:04:04.519  INFO 6000 --- [DiscoveryClient-InstanceInfoReplicator-0] com.netflix.discovery.DiscoveryClient    : DiscoveryClient_MESSAGE-CENTER/message-center:-119089746 - registration status: 204
2020-03-17 11:04:04.519  INFO 6000 --- [Thread-48] com.netflix.discovery.DiscoveryClient    : Unregistering ...
2020-03-17 11:04:04.551  INFO 6000 --- [Thread-48] com.netflix.discovery.DiscoveryClient    : DiscoveryClient_MESSAGE-CENTER/message-center:-119089746 - deregister  status: 200
2020-03-17 11:04:04.551  INFO 6000 --- [Thread-48] com.netflix.discovery.DiscoveryClient    : Completed shut down of DiscoveryClient
2020-03-17 11:04:05.691  INFO 6000 --- [Thread-48] com.zaxxer.hikari.HikariDataSource       : HikariPool-1 - Shutdown initiated...
2020-03-17 11:04:05.691  INFO 6000 --- [Thread-48] com.zaxxer.hikari.HikariDataSource       : HikariPool-1 - Shutdown completed.
