2020-03-17 11:00:34.074  INFO 3872 --- [main] com.cloud.user.UserCenterApplication     : No active profile set, falling back to default profiles: default
2020-03-17 11:00:34.105  INFO 3872 --- [main] ConfigServletWebServerApplicationContext : Refreshing org.springframework.boot.web.servlet.context.AnnotationConfigServletWebServerApplicationContext@7e7e962d: startup date [Tue Mar 17 11:00:34 CST 2020]; parent: org.springframework.context.annotation.AnnotationConfigApplicationContext@ec2cc4
2020-03-17 11:00:35.073  INFO 3872 --- [main] .s.d.r.c.RepositoryConfigurationDelegate : Multiple Spring Data modules found, entering strict repository configuration mode!
2020-03-17 11:00:35.292  WARN 3872 --- [main] o.m.s.mapper.ClassPathMapperScanner      : No MyBatis mapper was found in '[com.cloud.user]' package. Please check your configuration.
2020-03-17 11:00:35.542  INFO 3872 --- [main] .s.d.r.c.RepositoryConfigurationDelegate : Multiple Spring Data modules found, entering strict repository configuration mode!
2020-03-17 11:00:35.573  INFO 3872 --- [main] .RepositoryConfigurationExtensionSupport : Spring Data Redis - Could not safely identify store assignment for repository candidate interface com.cloud.user.repository.AppUserRepository.
2020-03-17 11:00:35.573  INFO 3872 --- [main] .RepositoryConfigurationExtensionSupport : Spring Data Redis - Could not safely identify store assignment for repository candidate interface com.cloud.user.repository.FriendRequestRepository.
2020-03-17 11:00:35.573  INFO 3872 --- [main] .RepositoryConfigurationExtensionSupport : Spring Data Redis - Could not safely identify store assignment for repository candidate interface com.cloud.user.repository.SysPermissionRepository.
2020-03-17 11:00:35.573  INFO 3872 --- [main] .RepositoryConfigurationExtensionSupport : Spring Data Redis - Could not safely identify store assignment for repository candidate interface com.cloud.user.repository.SysRolePermissionRepository.
2020-03-17 11:00:35.573  INFO 3872 --- [main] .RepositoryConfigurationExtensionSupport : Spring Data Redis - Could not safely identify store assignment for repository candidate interface com.cloud.user.repository.SysRoleRepository.
2020-03-17 11:00:35.573  INFO 3872 --- [main] .RepositoryConfigurationExtensionSupport : Spring Data Redis - Could not safely identify store assignment for repository candidate interface com.cloud.user.repository.SysUserCredentialsRepository.
2020-03-17 11:00:35.573  INFO 3872 --- [main] .RepositoryConfigurationExtensionSupport : Spring Data Redis - Could not safely identify store assignment for repository candidate interface com.cloud.user.repository.SysUserRepository.
2020-03-17 11:00:35.573  INFO 3872 --- [main] .RepositoryConfigurationExtensionSupport : Spring Data Redis - Could not safely identify store assignment for repository candidate interface com.cloud.user.repository.SysUserRoleRepository.
2020-03-17 11:00:35.573  INFO 3872 --- [main] .RepositoryConfigurationExtensionSupport : Spring Data Redis - Could not safely identify store assignment for repository candidate interface com.cloud.user.repository.UserFriendRepository.
2020-03-17 11:00:35.823  INFO 3872 --- [main] o.s.b.f.s.DefaultListableBeanFactory     : Overriding bean definition for bean 'dataSource' with a different definition: replacing [Root bean: class [null]; scope=refresh; abstract=false; lazyInit=false; autowireMode=3; dependencyCheck=0; autowireCandidate=false; primary=false; factoryBeanName=org.springframework.boot.autoconfigure.jdbc.DataSourceConfiguration$Hikari; factoryMethodName=dataSource; initMethodName=null; destroyMethodName=(inferred); defined in class path resource [org/springframework/boot/autoconfigure/jdbc/DataSourceConfiguration$Hikari.class]] with [Root bean: class [org.springframework.aop.scope.ScopedProxyFactoryBean]; scope=; abstract=false; lazyInit=false; autowireMode=0; dependencyCheck=0; autowireCandidate=true; primary=false; factoryBeanName=null; factoryMethodName=null; initMethodName=null; destroyMethodName=null; defined in BeanDefinition defined in class path resource [org/springframework/boot/autoconfigure/jdbc/DataSourceConfiguration$Hikari.class]]
2020-03-17 11:00:36.011  INFO 3872 --- [main] o.s.cloud.context.scope.GenericScope     : BeanFactory id=1f2b92b3-8521-3cc8-8aea-f30931fbee69
2020-03-17 11:00:36.058  INFO 3872 --- [main] f.a.AutowiredAnnotationBeanPostProcessor : JSR-330 'javax.inject.Inject' annotation found and supported for autowiring
2020-03-17 11:00:36.120  INFO 3872 --- [main] trationDelegate$BeanPostProcessorChecker : Bean 'org.springframework.amqp.rabbit.annotation.RabbitBootstrapConfiguration' of type [org.springframework.amqp.rabbit.annotation.RabbitBootstrapConfiguration$$EnhancerBySpringCGLIB$$5145840b] is not eligible for getting processed by all BeanPostProcessors (for example: not eligible for auto-proxying)
2020-03-17 11:00:36.292  INFO 3872 --- [main] trationDelegate$BeanPostProcessorChecker : Bean 'org.springframework.transaction.annotation.ProxyTransactionManagementConfiguration' of type [org.springframework.transaction.annotation.ProxyTransactionManagementConfiguration$$EnhancerBySpringCGLIB$$8ad9c5dd] is not eligible for getting processed by all BeanPostProcessors (for example: not eligible for auto-proxying)
2020-03-17 11:00:36.464  INFO 3872 --- [main] trationDelegate$BeanPostProcessorChecker : Bean 'redisConfig' of type [com.cloud.common.redis.RedisConfig$$EnhancerBySpringCGLIB$$25cd48cf] is not eligible for getting processed by all BeanPostProcessors (for example: not eligible for auto-proxying)
2020-03-17 11:00:36.558  INFO 3872 --- [main] trationDelegate$BeanPostProcessorChecker : Bean 'org.springframework.cloud.autoconfigure.ConfigurationPropertiesRebinderAutoConfiguration' of type [org.springframework.cloud.autoconfigure.ConfigurationPropertiesRebinderAutoConfiguration$$EnhancerBySpringCGLIB$$a6f3c8da] is not eligible for getting processed by all BeanPostProcessors (for example: not eligible for auto-proxying)
2020-03-17 11:00:37.709  INFO 3872 --- [main] o.s.b.w.embedded.tomcat.TomcatWebServer  : Tomcat initialized with port(s): 9003 (http)
2020-03-17 11:00:37.741  INFO 3872 --- [main] o.apache.catalina.core.StandardService   : Starting service [Tomcat]
2020-03-17 11:00:37.741  INFO 3872 --- [main] org.apache.catalina.core.StandardEngine  : Starting Servlet Engine: Apache Tomcat/8.5.32
2020-03-17 11:00:37.756  INFO 3872 --- [localhost-startStop-1] o.a.catalina.core.AprLifecycleListener   : The APR based Apache Tomcat Native library which allows optimal performance in production environments was not found on the java.library.path: [G:\jdk\bin;C:\windows\Sun\Java\bin;C:\windows\system32;C:\windows;C:\ProgramData\Oracle\Java\javapath;C:\windows\system32;C:\windows;C:\windows\System32\Wbem;C:\windows\System32\WindowsPowerShell\v1.0\;C:\windows\System32\OpenSSH\;"%JAVA_HOME%\bin;%JAVA_HOME%\jre\bin;";G:\erl9.2\bin;C:\Program Files\TortoiseSVN\bin;G:\apache-maven-3.6.1\bin;C:\Users\Administrator\AppData\Local\Microsoft\WindowsApps;;.]
2020-03-17 11:00:37.959  INFO 3872 --- [localhost-startStop-1] o.a.c.c.C.[Tomcat].[localhost].[/]       : Initializing Spring embedded WebApplicationContext
2020-03-17 11:00:37.959  INFO 3872 --- [localhost-startStop-1] o.s.web.context.ContextLoader            : Root WebApplicationContext: initialization completed in 3854 ms
2020-03-17 11:00:38.334  WARN 3872 --- [localhost-startStop-1] c.n.c.sources.URLConfigurationSource     : No URLs will be polled as dynamic configuration sources.
2020-03-17 11:00:38.334  INFO 3872 --- [localhost-startStop-1] c.n.c.sources.URLConfigurationSource     : To enable URLs as dynamic configuration sources, define System property archaius.configurationSource.additionalUrls or make config.properties available on classpath.
2020-03-17 11:00:38.350  INFO 3872 --- [localhost-startStop-1] c.netflix.config.DynamicPropertyFactory  : DynamicPropertyFactory is initialized with configuration sources: com.netflix.config.ConcurrentCompositeConfiguration@6dd8fa9c
2020-03-17 11:00:41.495  INFO 3872 --- [localhost-startStop-1] o.s.cloud.commons.util.InetUtils         : Cannot determine local hostname
2020-03-17 11:00:43.307  INFO 3872 --- [localhost-startStop-1] o.s.cloud.commons.util.InetUtils         : Cannot determine local hostname
2020-03-17 11:00:44.385  INFO 3872 --- [localhost-startStop-1] o.s.b.w.servlet.FilterRegistrationBean   : Mapping filter: 'characterEncodingFilter' to: [/*]
2020-03-17 11:00:44.385  INFO 3872 --- [localhost-startStop-1] o.s.b.w.servlet.FilterRegistrationBean   : Mapping filter: 'webMvcMetricsFilter' to: [/*]
2020-03-17 11:00:44.385  INFO 3872 --- [localhost-startStop-1] o.s.b.w.servlet.FilterRegistrationBean   : Mapping filter: 'hiddenHttpMethodFilter' to: [/*]
2020-03-17 11:00:44.385  INFO 3872 --- [localhost-startStop-1] o.s.b.w.servlet.FilterRegistrationBean   : Mapping filter: 'httpPutFormContentFilter' to: [/*]
2020-03-17 11:00:44.385  INFO 3872 --- [localhost-startStop-1] o.s.b.w.servlet.FilterRegistrationBean   : Mapping filter: 'requestContextFilter' to: [/*]
2020-03-17 11:00:44.385  INFO 3872 --- [localhost-startStop-1] o.s.b.w.servlet.FilterRegistrationBean   : Mapping filter: 'httpTraceFilter' to: [/*]
2020-03-17 11:00:44.385  INFO 3872 --- [localhost-startStop-1] o.s.b.w.servlet.ServletRegistrationBean  : Servlet dispatcherServlet mapped to [/]
2020-03-17 11:00:44.588  INFO 3872 --- [main] com.zaxxer.hikari.HikariDataSource       : HikariPool-1 - Starting...
2020-03-17 11:00:45.338  INFO 3872 --- [main] com.zaxxer.hikari.HikariDataSource       : HikariPool-1 - Start completed.
2020-03-17 11:00:45.432  INFO 3872 --- [main] j.LocalContainerEntityManagerFactoryBean : Building JPA container EntityManagerFactory for persistence unit 'default'
2020-03-17 11:00:45.713  INFO 3872 --- [main] o.hibernate.jpa.internal.util.LogHelper  : HHH000204: Processing PersistenceUnitInfo [
	name: default
	...]
2020-03-17 11:00:45.870  INFO 3872 --- [main] org.hibernate.Version                    : HHH000412: Hibernate Core {5.2.17.Final}
2020-03-17 11:00:45.870  INFO 3872 --- [main] org.hibernate.cfg.Environment            : HHH000206: hibernate.properties not found
2020-03-17 11:00:45.979  INFO 3872 --- [main] o.hibernate.annotations.common.Version   : HCANN000001: Hibernate Commons Annotations {5.0.1.Final}
2020-03-17 11:00:46.385  INFO 3872 --- [main] org.hibernate.dialect.Dialect            : HHH000400: Using dialect: org.hibernate.dialect.MySQL5Dialect
2020-03-17 11:00:47.948  INFO 3872 --- [main] j.LocalContainerEntityManagerFactoryBean : Initialized JPA EntityManagerFactory for persistence unit 'default'
2020-03-17 11:00:48.104  INFO 3872 --- [main] s.c.a.AnnotationConfigApplicationContext : Refreshing FeignContext-file-center: startup date [Tue Mar 17 11:00:48 CST 2020]; parent: org.springframework.boot.web.servlet.context.AnnotationConfigServletWebServerApplicationContext@7e7e962d
2020-03-17 11:00:48.135  INFO 3872 --- [main] f.a.AutowiredAnnotationBeanPostProcessor : JSR-330 'javax.inject.Inject' annotation found and supported for autowiring
2020-03-17 11:00:49.526  INFO 3872 --- [main] s.c.a.AnnotationConfigApplicationContext : Refreshing FeignContext-message-center: startup date [Tue Mar 17 11:00:49 CST 2020]; parent: org.springframework.boot.web.servlet.context.AnnotationConfigServletWebServerApplicationContext@7e7e962d
2020-03-17 11:00:49.557  INFO 3872 --- [main] f.a.AutowiredAnnotationBeanPostProcessor : JSR-330 'javax.inject.Inject' annotation found and supported for autowiring
2020-03-17 11:00:50.104  INFO 3872 --- [main] s.c.a.AnnotationConfigApplicationContext : Refreshing FeignContext-background-manage: startup date [Tue Mar 17 11:00:50 CST 2020]; parent: org.springframework.boot.web.servlet.context.AnnotationConfigServletWebServerApplicationContext@7e7e962d
2020-03-17 11:00:50.135  INFO 3872 --- [main] f.a.AutowiredAnnotationBeanPostProcessor : JSR-330 'javax.inject.Inject' annotation found and supported for autowiring
2020-03-17 11:00:51.057  WARN 3872 --- [main] aWebConfiguration$JpaWebMvcConfiguration : spring.jpa.open-in-view is enabled by default. Therefore, database queries may be performed during view rendering. Explicitly configure spring.jpa.open-in-view to disable this warning
2020-03-17 11:00:51.198  INFO 3872 --- [main] s.w.s.m.m.a.RequestMappingHandlerMapping : Mapped "{[/api/app/updateAppUser.do],methods=[POST]}" onto public com.cloud.common.response.ApiResponse<com.cloud.user.vo.user.AppUserVO> com.cloud.user.controller.AppUserController.updateAppUser(java.lang.String,java.lang.String,java.lang.String) throws java.lang.Exception
2020-03-17 11:00:51.198  INFO 3872 --- [main] s.w.s.m.m.a.RequestMappingHandlerMapping : Mapped "{[/api/app/searchUser.do],methods=[POST]}" onto public com.cloud.common.response.ApiResponse<com.cloud.user.vo.user.AppUserVO> com.cloud.user.controller.AppUserController.searchUser(java.lang.String) throws java.lang.Exception
2020-03-17 11:00:51.198  INFO 3872 --- [main] s.w.s.m.m.a.RequestMappingHandlerMapping : Mapped "{[/api/app/queryMyFriends.do],methods=[GET]}" onto public com.cloud.common.response.ApiResponse<com.cloud.user.vo.user.MyFriendsVO> com.cloud.user.controller.AppUserController.queryMyFriends() throws java.lang.Exception
2020-03-17 11:00:51.198  INFO 3872 --- [main] s.w.s.m.m.a.RequestMappingHandlerMapping : Mapped "{[/api/app/addFriendRequest.do],methods=[POST]}" onto public com.cloud.common.response.SimpleResponse com.cloud.user.controller.AppUserController.addFriendRequest(java.lang.String) throws java.lang.Exception
2020-03-17 11:00:51.198  INFO 3872 --- [main] s.w.s.m.m.a.RequestMappingHandlerMapping : Mapped "{[/api/app/external/registerOrLogin.do],methods=[POST]}" onto public com.cloud.common.response.ApiResponse<com.cloud.user.vo.user.AppUserVO> com.cloud.user.controller.AppUserController.registerOrLogin(java.lang.String,java.lang.String,java.lang.String) throws java.lang.Exception
2020-03-17 11:00:51.198  INFO 3872 --- [main] s.w.s.m.m.a.RequestMappingHandlerMapping : Mapped "{[/api/app/queryFriendRequests.do],methods=[GET]}" onto public com.cloud.common.response.ApiResponse<com.cloud.user.vo.user.FriendRequestVO> com.cloud.user.controller.AppUserController.queryFriendRequests() throws java.lang.Exception
2020-03-17 11:00:51.198  INFO 3872 --- [main] s.w.s.m.m.a.RequestMappingHandlerMapping : Mapped "{[/api/app/agreeOrIgnoreFriends.do],methods=[POST]}" onto public com.cloud.common.response.ApiResponse<com.cloud.user.vo.user.MyFriendsVO> com.cloud.user.controller.AppUserController.agreeOrIgnoreFriends(java.lang.Long,java.lang.Integer) throws java.lang.Exception
2020-03-17 11:00:51.198  INFO 3872 --- [main] s.w.s.m.m.a.RequestMappingHandlerMapping : Mapped "{[/api/admin/addSysPermission.do],methods=[POST]}" onto public com.cloud.common.response.SimpleResponse com.cloud.user.controller.SysPermissionController.addSysPermission(java.lang.String,java.lang.String) throws java.lang.Exception
2020-03-17 11:00:51.198  INFO 3872 --- [main] s.w.s.m.m.a.RequestMappingHandlerMapping : Mapped "{[/api/admin/selectAllPermission.do],methods=[GET]}" onto public com.cloud.common.response.ApiResponse<com.cloud.user.vo.permission.SysPermissionInfoVO> com.cloud.user.controller.SysPermissionController.selectAllPermission() throws java.lang.Exception
2020-03-17 11:00:51.198  INFO 3872 --- [main] s.w.s.m.m.a.RequestMappingHandlerMapping : Mapped "{[/api/admin/deleteSysPermission.do],methods=[POST]}" onto public com.cloud.common.response.SimpleResponse com.cloud.user.controller.SysPermissionController.deleteSysPermission(java.lang.String) throws java.lang.Exception
2020-03-17 11:00:51.198  INFO 3872 --- [main] s.w.s.m.m.a.RequestMappingHandlerMapping : Mapped "{[/api/admin/querySysPermissionPage.do],methods=[POST]}" onto public com.cloud.common.response.PageResponse<com.cloud.user.vo.permission.SysPermissionInfoVO> com.cloud.user.controller.SysPermissionController.querySysPermissionPage(java.lang.Integer,java.lang.Integer,java.lang.String,java.lang.String) throws java.lang.Exception
2020-03-17 11:00:51.198  INFO 3872 --- [main] s.w.s.m.m.a.RequestMappingHandlerMapping : Mapped "{[/api/admin/updateSysPermission.do],methods=[POST]}" onto public com.cloud.common.response.SimpleResponse com.cloud.user.controller.SysPermissionController.updateSysPermission(java.lang.Long,java.lang.String) throws java.lang.Exception
2020-03-17 11:00:51.198  INFO 3872 --- [main] s.w.s.m.m.a.RequestMappingHandlerMapping : Mapped "{[/api/admin/addSysRole.do],methods=[POST]}" onto public com.cloud.common.response.SimpleResponse com.cloud.user.controller.SysRoleController.addSysRole(java.lang.String,java.lang.String) throws java.lang.Exception
2020-03-17 11:00:51.198  INFO 3872 --- [main] s.w.s.m.m.a.RequestMappingHandlerMapping : Mapped "{[/api/admin/saveRoleMenu.do],methods=[POST]}" onto public com.cloud.common.response.SimpleResponse com.cloud.user.controller.SysRoleController.saveRoleMenu(java.lang.Long,java.lang.String) throws java.lang.Exception
2020-03-17 11:00:51.198  INFO 3872 --- [main] s.w.s.m.m.a.RequestMappingHandlerMapping : Mapped "{[/api/admin/deleteSysRole.do],methods=[POST]}" onto public com.cloud.common.response.SimpleResponse com.cloud.user.controller.SysRoleController.deleteSysRole(java.lang.String) throws java.lang.Exception
2020-03-17 11:00:51.198  INFO 3872 --- [main] s.w.s.m.m.a.RequestMappingHandlerMapping : Mapped "{[/api/admin/querySysRolePage.do],methods=[POST]}" onto public com.cloud.common.response.PageResponse<com.cloud.user.vo.role.SysRoleInfoVO> com.cloud.user.controller.SysRoleController.querySysRolePage(java.lang.Integer,java.lang.Integer,java.lang.String,java.lang.String) throws java.lang.Exception
2020-03-17 11:00:51.198  INFO 3872 --- [main] s.w.s.m.m.a.RequestMappingHandlerMapping : Mapped "{[/api/admin/selectAllSysRole.do],methods=[GET]}" onto public com.cloud.common.response.ApiResponse<com.cloud.user.vo.role.SysRoleInfoVO> com.cloud.user.controller.SysRoleController.selectAllSysRole() throws java.lang.Exception
2020-03-17 11:00:51.213  INFO 3872 --- [main] s.w.s.m.m.a.RequestMappingHandlerMapping : Mapped "{[/api/admin/updateSysRole.do],methods=[POST]}" onto public com.cloud.common.response.SimpleResponse com.cloud.user.controller.SysRoleController.updateSysRole(java.lang.Long,java.lang.String) throws java.lang.Exception
2020-03-17 11:00:51.213  INFO 3872 --- [main] s.w.s.m.m.a.RequestMappingHandlerMapping : Mapped "{[/api/admin/saveSysRolePermission.do],methods=[POST]}" onto public com.cloud.common.response.SimpleResponse com.cloud.user.controller.SysRoleController.saveSysRolePermission(java.lang.Long,java.lang.String) throws java.lang.Exception
2020-03-17 11:00:51.213  INFO 3872 --- [main] s.w.s.m.m.a.RequestMappingHandlerMapping : Mapped "{[/api/admin/saveUserRole.do],methods=[POST]}" onto public com.cloud.common.response.SimpleResponse com.cloud.user.controller.SysUserController.saveRoleMenu(java.lang.Long,java.lang.String) throws java.lang.Exception
2020-03-17 11:00:51.213  INFO 3872 --- [main] s.w.s.m.m.a.RequestMappingHandlerMapping : Mapped "{[/api/admin/addSysUser.do],methods=[POST]}" onto public com.cloud.common.response.SimpleResponse com.cloud.user.controller.SysUserController.addSysUser(java.lang.String,java.lang.String,java.lang.String,java.lang.String,java.lang.String) throws java.lang.Exception
2020-03-17 11:00:51.213  INFO 3872 --- [main] s.w.s.m.m.a.RequestMappingHandlerMapping : Mapped "{[/api/admin/getSysUserInfo.do],methods=[GET]}" onto public com.cloud.common.response.ApiResponse<com.cloud.user.vo.user.SysUserInfoVO> com.cloud.user.controller.SysUserController.getSysUserInfo() throws java.lang.Exception
2020-03-17 11:00:51.213  INFO 3872 --- [main] s.w.s.m.m.a.RequestMappingHandlerMapping : Mapped "{[/api/admin/querySysUserPage.do],methods=[POST]}" onto public com.cloud.common.response.PageResponse<com.cloud.user.vo.user.SysUserInfoListVO> com.cloud.user.controller.SysUserController.querySysUserPage(java.lang.Integer,java.lang.Integer,java.lang.String,java.lang.String,java.lang.String,java.lang.Integer) throws java.lang.Exception
2020-03-17 11:00:51.213  INFO 3872 --- [main] s.w.s.m.m.a.RequestMappingHandlerMapping : Mapped "{[/api/admin/external/sysUserLogin.do],methods=[POST]}" onto public com.cloud.common.response.ApiResponse<com.cloud.user.vo.user.SysUserInfoVO> com.cloud.user.controller.SysUserController.sysUserLogin(java.lang.String,java.lang.String) throws java.lang.Exception
2020-03-17 11:00:51.213  INFO 3872 --- [main] s.w.s.m.m.a.RequestMappingHandlerMapping : Mapped "{[/api/admin/updateSysUser.do],methods=[POST]}" onto public com.cloud.common.response.SimpleResponse com.cloud.user.controller.SysUserController.addOrUpdateSysUser(java.lang.Long,java.lang.String,java.lang.String,java.lang.String) throws java.lang.Exception
2020-03-17 11:00:51.229  INFO 3872 --- [main] s.w.s.m.m.a.RequestMappingHandlerMapping : Mapped "{[/swagger-resources]}" onto public org.springframework.http.ResponseEntity<java.util.List<springfox.documentation.swagger.web.SwaggerResource>> springfox.documentation.swagger.web.ApiResourceController.swaggerResources()
2020-03-17 11:00:51.229  INFO 3872 --- [main] s.w.s.m.m.a.RequestMappingHandlerMapping : Mapped "{[/swagger-resources/configuration/ui]}" onto public org.springframework.http.ResponseEntity<springfox.documentation.swagger.web.UiConfiguration> springfox.documentation.swagger.web.ApiResourceController.uiConfiguration()
2020-03-17 11:00:51.229  INFO 3872 --- [main] s.w.s.m.m.a.RequestMappingHandlerMapping : Mapped "{[/swagger-resources/configuration/security]}" onto public org.springframework.http.ResponseEntity<springfox.documentation.swagger.web.SecurityConfiguration> springfox.documentation.swagger.web.ApiResourceController.securityConfiguration()
2020-03-17 11:00:51.229  INFO 3872 --- [main] s.w.s.m.m.a.RequestMappingHandlerMapping : Mapped "{[/error]}" onto public org.springframework.http.ResponseEntity<java.util.Map<java.lang.String, java.lang.Object>> org.springframework.boot.autoconfigure.web.servlet.error.BasicErrorController.error(javax.servlet.http.HttpServletRequest)
2020-03-17 11:00:51.229  INFO 3872 --- [main] s.w.s.m.m.a.RequestMappingHandlerMapping : Mapped "{[/error],produces=[text/html]}" onto public org.springframework.web.servlet.ModelAndView org.springframework.boot.autoconfigure.web.servlet.error.BasicErrorController.errorHtml(javax.servlet.http.HttpServletRequest,javax.servlet.http.HttpServletResponse)
2020-03-17 11:00:51.494  INFO 3872 --- [main] o.s.b.a.e.web.EndpointLinksResolver      : Exposing 19 endpoint(s) beneath base path '/actuator'
2020-03-17 11:00:51.510  INFO 3872 --- [main] s.b.a.e.w.s.WebMvcEndpointHandlerMapping : Mapped "{[/actuator/archaius],methods=[GET],produces=[application/vnd.spring-boot.actuator.v2+json || application/json]}" onto public java.lang.Object org.springframework.boot.actuate.endpoint.web.servlet.AbstractWebMvcEndpointHandlerMapping$OperationHandler.handle(javax.servlet.http.HttpServletRequest,java.util.Map<java.lang.String, java.lang.String>)
2020-03-17 11:00:51.510  INFO 3872 --- [main] s.b.a.e.w.s.WebMvcEndpointHandlerMapping : Mapped "{[/actuator/auditevents],methods=[GET],produces=[application/vnd.spring-boot.actuator.v2+json || application/json]}" onto public java.lang.Object org.springframework.boot.actuate.endpoint.web.servlet.AbstractWebMvcEndpointHandlerMapping$OperationHandler.handle(javax.servlet.http.HttpServletRequest,java.util.Map<java.lang.String, java.lang.String>)
2020-03-17 11:00:51.510  INFO 3872 --- [main] s.b.a.e.w.s.WebMvcEndpointHandlerMapping : Mapped "{[/actuator/beans],methods=[GET],produces=[application/vnd.spring-boot.actuator.v2+json || application/json]}" onto public java.lang.Object org.springframework.boot.actuate.endpoint.web.servlet.AbstractWebMvcEndpointHandlerMapping$OperationHandler.handle(javax.servlet.http.HttpServletRequest,java.util.Map<java.lang.String, java.lang.String>)
2020-03-17 11:00:51.510  INFO 3872 --- [main] s.b.a.e.w.s.WebMvcEndpointHandlerMapping : Mapped "{[/actuator/health],methods=[GET],produces=[application/vnd.spring-boot.actuator.v2+json || application/json]}" onto public java.lang.Object org.springframework.boot.actuate.endpoint.web.servlet.AbstractWebMvcEndpointHandlerMapping$OperationHandler.handle(javax.servlet.http.HttpServletRequest,java.util.Map<java.lang.String, java.lang.String>)
2020-03-17 11:00:51.510  INFO 3872 --- [main] s.b.a.e.w.s.WebMvcEndpointHandlerMapping : Mapped "{[/actuator/conditions],methods=[GET],produces=[application/vnd.spring-boot.actuator.v2+json || application/json]}" onto public java.lang.Object org.springframework.boot.actuate.endpoint.web.servlet.AbstractWebMvcEndpointHandlerMapping$OperationHandler.handle(javax.servlet.http.HttpServletRequest,java.util.Map<java.lang.String, java.lang.String>)
2020-03-17 11:00:51.510  INFO 3872 --- [main] s.b.a.e.w.s.WebMvcEndpointHandlerMapping : Mapped "{[/actuator/configprops],methods=[GET],produces=[application/vnd.spring-boot.actuator.v2+json || application/json]}" onto public java.lang.Object org.springframework.boot.actuate.endpoint.web.servlet.AbstractWebMvcEndpointHandlerMapping$OperationHandler.handle(javax.servlet.http.HttpServletRequest,java.util.Map<java.lang.String, java.lang.String>)
2020-03-17 11:00:51.510  INFO 3872 --- [main] s.b.a.e.w.s.WebMvcEndpointHandlerMapping : Mapped "{[/actuator/env],methods=[GET],produces=[application/vnd.spring-boot.actuator.v2+json || application/json]}" onto public java.lang.Object org.springframework.boot.actuate.endpoint.web.servlet.AbstractWebMvcEndpointHandlerMapping$OperationHandler.handle(javax.servlet.http.HttpServletRequest,java.util.Map<java.lang.String, java.lang.String>)
2020-03-17 11:00:51.510  INFO 3872 --- [main] s.b.a.e.w.s.WebMvcEndpointHandlerMapping : Mapped "{[/actuator/env/{toMatch}],methods=[GET],produces=[application/vnd.spring-boot.actuator.v2+json || application/json]}" onto public java.lang.Object org.springframework.boot.actuate.endpoint.web.servlet.AbstractWebMvcEndpointHandlerMapping$OperationHandler.handle(javax.servlet.http.HttpServletRequest,java.util.Map<java.lang.String, java.lang.String>)
2020-03-17 11:00:51.526  INFO 3872 --- [main] s.b.a.e.w.s.WebMvcEndpointHandlerMapping : Mapped "{[/actuator/env],methods=[POST],consumes=[application/vnd.spring-boot.actuator.v2+json || application/json],produces=[application/vnd.spring-boot.actuator.v2+json || application/json]}" onto public java.lang.Object org.springframework.boot.actuate.endpoint.web.servlet.AbstractWebMvcEndpointHandlerMapping$OperationHandler.handle(javax.servlet.http.HttpServletRequest,java.util.Map<java.lang.String, java.lang.String>)
2020-03-17 11:00:51.526  INFO 3872 --- [main] s.b.a.e.w.s.WebMvcEndpointHandlerMapping : Mapped "{[/actuator/env],methods=[DELETE],produces=[application/vnd.spring-boot.actuator.v2+json || application/json]}" onto public java.lang.Object org.springframework.boot.actuate.endpoint.web.servlet.AbstractWebMvcEndpointHandlerMapping$OperationHandler.handle(javax.servlet.http.HttpServletRequest,java.util.Map<java.lang.String, java.lang.String>)
2020-03-17 11:00:51.526  INFO 3872 --- [main] s.b.a.e.w.s.WebMvcEndpointHandlerMapping : Mapped "{[/actuator/info],methods=[GET],produces=[application/vnd.spring-boot.actuator.v2+json || application/json]}" onto public java.lang.Object org.springframework.boot.actuate.endpoint.web.servlet.AbstractWebMvcEndpointHandlerMapping$OperationHandler.handle(javax.servlet.http.HttpServletRequest,java.util.Map<java.lang.String, java.lang.String>)
2020-03-17 11:00:51.526  INFO 3872 --- [main] s.b.a.e.w.s.WebMvcEndpointHandlerMapping : Mapped "{[/actuator/logfile],methods=[GET],produces=[application/octet-stream]}" onto public java.lang.Object org.springframework.boot.actuate.endpoint.web.servlet.AbstractWebMvcEndpointHandlerMapping$OperationHandler.handle(javax.servlet.http.HttpServletRequest,java.util.Map<java.lang.String, java.lang.String>)
2020-03-17 11:00:51.526  INFO 3872 --- [main] s.b.a.e.w.s.WebMvcEndpointHandlerMapping : Mapped "{[/actuator/loggers],methods=[GET],produces=[application/vnd.spring-boot.actuator.v2+json || application/json]}" onto public java.lang.Object org.springframework.boot.actuate.endpoint.web.servlet.AbstractWebMvcEndpointHandlerMapping$OperationHandler.handle(javax.servlet.http.HttpServletRequest,java.util.Map<java.lang.String, java.lang.String>)
2020-03-17 11:00:51.526  INFO 3872 --- [main] s.b.a.e.w.s.WebMvcEndpointHandlerMapping : Mapped "{[/actuator/loggers/{name}],methods=[GET],produces=[application/vnd.spring-boot.actuator.v2+json || application/json]}" onto public java.lang.Object org.springframework.boot.actuate.endpoint.web.servlet.AbstractWebMvcEndpointHandlerMapping$OperationHandler.handle(javax.servlet.http.HttpServletRequest,java.util.Map<java.lang.String, java.lang.String>)
2020-03-17 11:00:51.526  INFO 3872 --- [main] s.b.a.e.w.s.WebMvcEndpointHandlerMapping : Mapped "{[/actuator/loggers/{name}],methods=[POST],consumes=[application/vnd.spring-boot.actuator.v2+json || application/json]}" onto public java.lang.Object org.springframework.boot.actuate.endpoint.web.servlet.AbstractWebMvcEndpointHandlerMapping$OperationHandler.handle(javax.servlet.http.HttpServletRequest,java.util.Map<java.lang.String, java.lang.String>)
2020-03-17 11:00:51.526  INFO 3872 --- [main] s.b.a.e.w.s.WebMvcEndpointHandlerMapping : Mapped "{[/actuator/heapdump],methods=[GET],produces=[application/octet-stream]}" onto public java.lang.Object org.springframework.boot.actuate.endpoint.web.servlet.AbstractWebMvcEndpointHandlerMapping$OperationHandler.handle(javax.servlet.http.HttpServletRequest,java.util.Map<java.lang.String, java.lang.String>)
2020-03-17 11:00:51.526  INFO 3872 --- [main] s.b.a.e.w.s.WebMvcEndpointHandlerMapping : Mapped "{[/actuator/threaddump],methods=[GET],produces=[application/vnd.spring-boot.actuator.v2+json || application/json]}" onto public java.lang.Object org.springframework.boot.actuate.endpoint.web.servlet.AbstractWebMvcEndpointHandlerMapping$OperationHandler.handle(javax.servlet.http.HttpServletRequest,java.util.Map<java.lang.String, java.lang.String>)
2020-03-17 11:00:51.526  INFO 3872 --- [main] s.b.a.e.w.s.WebMvcEndpointHandlerMapping : Mapped "{[/actuator/metrics],methods=[GET],produces=[application/vnd.spring-boot.actuator.v2+json || application/json]}" onto public java.lang.Object org.springframework.boot.actuate.endpoint.web.servlet.AbstractWebMvcEndpointHandlerMapping$OperationHandler.handle(javax.servlet.http.HttpServletRequest,java.util.Map<java.lang.String, java.lang.String>)
2020-03-17 11:00:51.526  INFO 3872 --- [main] s.b.a.e.w.s.WebMvcEndpointHandlerMapping : Mapped "{[/actuator/metrics/{requiredMetricName}],methods=[GET],produces=[application/vnd.spring-boot.actuator.v2+json || application/json]}" onto public java.lang.Object org.springframework.boot.actuate.endpoint.web.servlet.AbstractWebMvcEndpointHandlerMapping$OperationHandler.handle(javax.servlet.http.HttpServletRequest,java.util.Map<java.lang.String, java.lang.String>)
2020-03-17 11:00:51.526  INFO 3872 --- [main] s.b.a.e.w.s.WebMvcEndpointHandlerMapping : Mapped "{[/actuator/scheduledtasks],methods=[GET],produces=[application/vnd.spring-boot.actuator.v2+json || application/json]}" onto public java.lang.Object org.springframework.boot.actuate.endpoint.web.servlet.AbstractWebMvcEndpointHandlerMapping$OperationHandler.handle(javax.servlet.http.HttpServletRequest,java.util.Map<java.lang.String, java.lang.String>)
2020-03-17 11:00:51.526  INFO 3872 --- [main] s.b.a.e.w.s.WebMvcEndpointHandlerMapping : Mapped "{[/actuator/httptrace],methods=[GET],produces=[application/vnd.spring-boot.actuator.v2+json || application/json]}" onto public java.lang.Object org.springframework.boot.actuate.endpoint.web.servlet.AbstractWebMvcEndpointHandlerMapping$OperationHandler.handle(javax.servlet.http.HttpServletRequest,java.util.Map<java.lang.String, java.lang.String>)
2020-03-17 11:00:51.526  INFO 3872 --- [main] s.b.a.e.w.s.WebMvcEndpointHandlerMapping : Mapped "{[/actuator/mappings],methods=[GET],produces=[application/vnd.spring-boot.actuator.v2+json || application/json]}" onto public java.lang.Object org.springframework.boot.actuate.endpoint.web.servlet.AbstractWebMvcEndpointHandlerMapping$OperationHandler.handle(javax.servlet.http.HttpServletRequest,java.util.Map<java.lang.String, java.lang.String>)
2020-03-17 11:00:51.526  INFO 3872 --- [main] s.b.a.e.w.s.WebMvcEndpointHandlerMapping : Mapped "{[/actuator/refresh],methods=[POST],produces=[application/vnd.spring-boot.actuator.v2+json || application/json]}" onto public java.lang.Object org.springframework.boot.actuate.endpoint.web.servlet.AbstractWebMvcEndpointHandlerMapping$OperationHandler.handle(javax.servlet.http.HttpServletRequest,java.util.Map<java.lang.String, java.lang.String>)
2020-03-17 11:00:51.526  INFO 3872 --- [main] s.b.a.e.w.s.WebMvcEndpointHandlerMapping : Mapped "{[/actuator/features],methods=[GET],produces=[application/vnd.spring-boot.actuator.v2+json || application/json]}" onto public java.lang.Object org.springframework.boot.actuate.endpoint.web.servlet.AbstractWebMvcEndpointHandlerMapping$OperationHandler.handle(javax.servlet.http.HttpServletRequest,java.util.Map<java.lang.String, java.lang.String>)
2020-03-17 11:00:51.526  INFO 3872 --- [main] s.b.a.e.w.s.WebMvcEndpointHandlerMapping : Mapped "{[/actuator/service-registry],methods=[GET],produces=[application/vnd.spring-boot.actuator.v2+json || application/json]}" onto public java.lang.Object org.springframework.boot.actuate.endpoint.web.servlet.AbstractWebMvcEndpointHandlerMapping$OperationHandler.handle(javax.servlet.http.HttpServletRequest,java.util.Map<java.lang.String, java.lang.String>)
2020-03-17 11:00:51.526  INFO 3872 --- [main] s.b.a.e.w.s.WebMvcEndpointHandlerMapping : Mapped "{[/actuator/service-registry],methods=[POST],consumes=[application/vnd.spring-boot.actuator.v2+json || application/json],produces=[application/vnd.spring-boot.actuator.v2+json || application/json]}" onto public java.lang.Object org.springframework.boot.actuate.endpoint.web.servlet.AbstractWebMvcEndpointHandlerMapping$OperationHandler.handle(javax.servlet.http.HttpServletRequest,java.util.Map<java.lang.String, java.lang.String>)
2020-03-17 11:00:51.526  INFO 3872 --- [main] s.b.a.e.w.s.WebMvcEndpointHandlerMapping : Mapped "{[/actuator],methods=[GET],produces=[application/vnd.spring-boot.actuator.v2+json || application/json]}" onto protected java.util.Map<java.lang.String, java.util.Map<java.lang.String, org.springframework.boot.actuate.endpoint.web.Link>> org.springframework.boot.actuate.endpoint.web.servlet.WebMvcEndpointHandlerMapping.links(javax.servlet.http.HttpServletRequest,javax.servlet.http.HttpServletResponse)
2020-03-17 11:00:52.182  INFO 3872 --- [main] pertySourcedRequestMappingHandlerMapping : Mapped URL path [/v2/api-docs] onto method [public org.springframework.http.ResponseEntity<springfox.documentation.spring.web.json.Json> springfox.documentation.swagger2.web.Swagger2Controller.getDocumentation(java.lang.String,javax.servlet.http.HttpServletRequest)]
2020-03-17 11:00:52.322  WARN 3872 --- [main] c.n.c.sources.URLConfigurationSource     : No URLs will be polled as dynamic configuration sources.
2020-03-17 11:00:52.322  INFO 3872 --- [main] c.n.c.sources.URLConfigurationSource     : To enable URLs as dynamic configuration sources, define System property archaius.configurationSource.additionalUrls or make config.properties available on classpath.
2020-03-17 11:00:52.776  INFO 3872 --- [main] o.s.w.s.handler.SimpleUrlHandlerMapping  : Mapped URL path [/**/favicon.ico] onto handler of type [class org.springframework.web.servlet.resource.ResourceHttpRequestHandler]
2020-03-17 11:00:53.104  INFO 3872 --- [main] s.w.s.m.m.a.RequestMappingHandlerAdapter : Looking for @ControllerAdvice: org.springframework.boot.web.servlet.context.AnnotationConfigServletWebServerApplicationContext@7e7e962d: startup date [Tue Mar 17 11:00:34 CST 2020]; parent: org.springframework.context.annotation.AnnotationConfigApplicationContext@ec2cc4
2020-03-17 11:00:53.276  INFO 3872 --- [main] o.s.w.s.handler.SimpleUrlHandlerMapping  : Mapped URL path [/webjars/**] onto handler of type [class org.springframework.web.servlet.resource.ResourceHttpRequestHandler]
2020-03-17 11:00:53.276  INFO 3872 --- [main] o.s.w.s.handler.SimpleUrlHandlerMapping  : Mapped URL path [/**] onto handler of type [class org.springframework.web.servlet.resource.ResourceHttpRequestHandler]
2020-03-17 11:00:53.354  INFO 3872 --- [main] .m.m.a.ExceptionHandlerExceptionResolver : Detected @ExceptionHandler methods in globalExceptionHandler
2020-03-17 11:00:56.947  INFO 3872 --- [main] com.netflix.discovery.DiscoveryClient    : Shutting down DiscoveryClient ...
2020-03-17 11:00:56.963 ERROR 3872 --- [DiscoveryClient-CacheRefreshExecutor-0] c.n.d.s.t.d.RedirectingEurekaHttpClient  : Request execution error

javax.ws.rs.WebApplicationException: null
	at com.netflix.discovery.provider.DiscoveryJerseyProvider.readFrom(DiscoveryJerseyProvider.java:110) ~[eureka-client-1.9.2.jar:1.9.2]
	at com.sun.jersey.api.client.ClientResponse.getEntity(ClientResponse.java:634) ~[jersey-client-1.19.1.jar:1.19.1]
	at com.sun.jersey.api.client.ClientResponse.getEntity(ClientResponse.java:586) ~[jersey-client-1.19.1.jar:1.19.1]
	at com.netflix.discovery.shared.transport.jersey.AbstractJerseyEurekaHttpClient.getApplicationsInternal(AbstractJerseyEurekaHttpClient.java:198) ~[eureka-client-1.9.2.jar:1.9.2]
	at com.netflix.discovery.shared.transport.jersey.AbstractJerseyEurekaHttpClient.getDelta(AbstractJerseyEurekaHttpClient.java:170) ~[eureka-client-1.9.2.jar:1.9.2]
	at com.netflix.discovery.shared.transport.decorator.EurekaHttpClientDecorator$7.execute(EurekaHttpClientDecorator.java:152) [eureka-client-1.9.2.jar:1.9.2]
	at com.netflix.discovery.shared.transport.decorator.MetricsCollectingEurekaHttpClient.execute(MetricsCollectingEurekaHttpClient.java:73) ~[eureka-client-1.9.2.jar:1.9.2]
	at com.netflix.discovery.shared.transport.decorator.EurekaHttpClientDecorator.getDelta(EurekaHttpClientDecorator.java:149) [eureka-client-1.9.2.jar:1.9.2]
	at com.netflix.discovery.shared.transport.decorator.EurekaHttpClientDecorator$7.execute(EurekaHttpClientDecorator.java:152) [eureka-client-1.9.2.jar:1.9.2]
	at com.netflix.discovery.shared.transport.decorator.RedirectingEurekaHttpClient.execute(RedirectingEurekaHttpClient.java:89) ~[eureka-client-1.9.2.jar:1.9.2]
	at com.netflix.discovery.shared.transport.decorator.EurekaHttpClientDecorator.getDelta(EurekaHttpClientDecorator.java:149) [eureka-client-1.9.2.jar:1.9.2]
	at com.netflix.discovery.shared.transport.decorator.EurekaHttpClientDecorator$7.execute(EurekaHttpClientDecorator.java:152) [eureka-client-1.9.2.jar:1.9.2]
	at com.netflix.discovery.shared.transport.decorator.RetryableEurekaHttpClient.execute(RetryableEurekaHttpClient.java:120) [eureka-client-1.9.2.jar:1.9.2]
	at com.netflix.discovery.shared.transport.decorator.EurekaHttpClientDecorator.getDelta(EurekaHttpClientDecorator.java:149) [eureka-client-1.9.2.jar:1.9.2]
	at com.netflix.discovery.shared.transport.decorator.EurekaHttpClientDecorator$7.execute(EurekaHttpClientDecorator.java:152) [eureka-client-1.9.2.jar:1.9.2]
	at com.netflix.discovery.shared.transport.decorator.SessionedEurekaHttpClient.execute(SessionedEurekaHttpClient.java:77) [eureka-client-1.9.2.jar:1.9.2]
	at com.netflix.discovery.shared.transport.decorator.EurekaHttpClientDecorator.getDelta(EurekaHttpClientDecorator.java:149) [eureka-client-1.9.2.jar:1.9.2]
	at com.netflix.discovery.DiscoveryClient.getAndUpdateDelta(DiscoveryClient.java:1085) [eureka-client-1.9.2.jar:1.9.2]
	at com.netflix.discovery.DiscoveryClient.fetchRegistry(DiscoveryClient.java:967) [eureka-client-1.9.2.jar:1.9.2]
	at com.netflix.discovery.DiscoveryClient.refreshRegistry(DiscoveryClient.java:1471) [eureka-client-1.9.2.jar:1.9.2]
	at com.netflix.discovery.DiscoveryClient$CacheRefreshThread.run(DiscoveryClient.java:1438) [eureka-client-1.9.2.jar:1.9.2]
	at java.util.concurrent.Executors$RunnableAdapter.call(Executors.java:511) [na:1.8.0_74]
	at java.util.concurrent.FutureTask.run$$$capture(FutureTask.java:266) [na:1.8.0_74]
	at java.util.concurrent.FutureTask.run(FutureTask.java) [na:1.8.0_74]
	at java.util.concurrent.ThreadPoolExecutor.runWorker(ThreadPoolExecutor.java:1142) [na:1.8.0_74]
	at java.util.concurrent.ThreadPoolExecutor$Worker.run(ThreadPoolExecutor.java:617) [na:1.8.0_74]
	at java.lang.Thread.run(Thread.java:745) [na:1.8.0_74]

2020-03-17 11:00:56.963  WARN 3872 --- [DiscoveryClient-CacheRefreshExecutor-0] c.n.d.s.t.d.RetryableEurekaHttpClient    : Request execution failed with message: null
2020-03-17 11:00:57.072  INFO 3872 --- [main] com.netflix.discovery.DiscoveryClient    : Completed shut down of DiscoveryClient
2020-03-17 11:00:57.104  WARN 3872 --- [DiscoveryClient-0] c.netflix.discovery.TimedSupervisorTask  : task supervisor shutting down, can't accept the task
2020-03-17 11:00:57.119 ERROR 3872 --- [DiscoveryClient-CacheRefreshExecutor-0] c.n.d.s.t.d.RedirectingEurekaHttpClient  : Request execution error

javax.ws.rs.WebApplicationException: null
	at com.netflix.discovery.provider.DiscoveryJerseyProvider.readFrom(DiscoveryJerseyProvider.java:110) ~[eureka-client-1.9.2.jar:1.9.2]
	at com.sun.jersey.api.client.ClientResponse.getEntity(ClientResponse.java:634) ~[jersey-client-1.19.1.jar:1.19.1]
	at com.sun.jersey.api.client.ClientResponse.getEntity(ClientResponse.java:586) ~[jersey-client-1.19.1.jar:1.19.1]
	at com.netflix.discovery.shared.transport.jersey.AbstractJerseyEurekaHttpClient.getApplicationsInternal(AbstractJerseyEurekaHttpClient.java:198) ~[eureka-client-1.9.2.jar:1.9.2]
	at com.netflix.discovery.shared.transport.jersey.AbstractJerseyEurekaHttpClient.getDelta(AbstractJerseyEurekaHttpClient.java:170) ~[eureka-client-1.9.2.jar:1.9.2]
	at com.netflix.discovery.shared.transport.decorator.EurekaHttpClientDecorator$7.execute(EurekaHttpClientDecorator.java:152) [eureka-client-1.9.2.jar:1.9.2]
	at com.netflix.discovery.shared.transport.decorator.MetricsCollectingEurekaHttpClient.execute(MetricsCollectingEurekaHttpClient.java:73) ~[eureka-client-1.9.2.jar:1.9.2]
	at com.netflix.discovery.shared.transport.decorator.EurekaHttpClientDecorator.getDelta(EurekaHttpClientDecorator.java:149) [eureka-client-1.9.2.jar:1.9.2]
	at com.netflix.discovery.shared.transport.decorator.EurekaHttpClientDecorator$7.execute(EurekaHttpClientDecorator.java:152) [eureka-client-1.9.2.jar:1.9.2]
	at com.netflix.discovery.shared.transport.decorator.RedirectingEurekaHttpClient.executeOnNewServer(RedirectingEurekaHttpClient.java:118) ~[eureka-client-1.9.2.jar:1.9.2]
	at com.netflix.discovery.shared.transport.decorator.RedirectingEurekaHttpClient.execute(RedirectingEurekaHttpClient.java:79) ~[eureka-client-1.9.2.jar:1.9.2]
	at com.netflix.discovery.shared.transport.decorator.EurekaHttpClientDecorator.getDelta(EurekaHttpClientDecorator.java:149) [eureka-client-1.9.2.jar:1.9.2]
	at com.netflix.discovery.shared.transport.decorator.EurekaHttpClientDecorator$7.execute(EurekaHttpClientDecorator.java:152) [eureka-client-1.9.2.jar:1.9.2]
	at com.netflix.discovery.shared.transport.decorator.RetryableEurekaHttpClient.execute(RetryableEurekaHttpClient.java:120) [eureka-client-1.9.2.jar:1.9.2]
	at com.netflix.discovery.shared.transport.decorator.EurekaHttpClientDecorator.getDelta(EurekaHttpClientDecorator.java:149) [eureka-client-1.9.2.jar:1.9.2]
	at com.netflix.discovery.shared.transport.decorator.EurekaHttpClientDecorator$7.execute(EurekaHttpClientDecorator.java:152) [eureka-client-1.9.2.jar:1.9.2]
	at com.netflix.discovery.shared.transport.decorator.SessionedEurekaHttpClient.execute(SessionedEurekaHttpClient.java:77) [eureka-client-1.9.2.jar:1.9.2]
	at com.netflix.discovery.shared.transport.decorator.EurekaHttpClientDecorator.getDelta(EurekaHttpClientDecorator.java:149) [eureka-client-1.9.2.jar:1.9.2]
	at com.netflix.discovery.DiscoveryClient.getAndUpdateDelta(DiscoveryClient.java:1085) [eureka-client-1.9.2.jar:1.9.2]
	at com.netflix.discovery.DiscoveryClient.fetchRegistry(DiscoveryClient.java:967) [eureka-client-1.9.2.jar:1.9.2]
	at com.netflix.discovery.DiscoveryClient.refreshRegistry(DiscoveryClient.java:1471) [eureka-client-1.9.2.jar:1.9.2]
	at com.netflix.discovery.DiscoveryClient$CacheRefreshThread.run(DiscoveryClient.java:1438) [eureka-client-1.9.2.jar:1.9.2]
	at java.util.concurrent.Executors$RunnableAdapter.call(Executors.java:511) [na:1.8.0_74]
	at java.util.concurrent.FutureTask.run$$$capture(FutureTask.java:266) [na:1.8.0_74]
	at java.util.concurrent.FutureTask.run(FutureTask.java) [na:1.8.0_74]
	at java.util.concurrent.ThreadPoolExecutor.runWorker(ThreadPoolExecutor.java:1142) [na:1.8.0_74]
	at java.util.concurrent.ThreadPoolExecutor$Worker.run(ThreadPoolExecutor.java:617) [na:1.8.0_74]
	at java.lang.Thread.run(Thread.java:745) [na:1.8.0_74]

2020-03-17 11:00:57.119  WARN 3872 --- [DiscoveryClient-CacheRefreshExecutor-0] c.n.d.s.t.d.RetryableEurekaHttpClient    : Request execution failed with message: null
2020-03-17 11:00:57.119 ERROR 3872 --- [DiscoveryClient-CacheRefreshExecutor-0] com.netflix.discovery.DiscoveryClient    : DiscoveryClient_USER-CENTER/user-center:716594965 - was unable to refresh its cache! status = Cannot execute request on any known server

com.netflix.discovery.shared.transport.TransportException: Cannot execute request on any known server
	at com.netflix.discovery.shared.transport.decorator.RetryableEurekaHttpClient.execute(RetryableEurekaHttpClient.java:112) ~[eureka-client-1.9.2.jar:1.9.2]
	at com.netflix.discovery.shared.transport.decorator.EurekaHttpClientDecorator.getDelta(EurekaHttpClientDecorator.java:149) ~[eureka-client-1.9.2.jar:1.9.2]
	at com.netflix.discovery.shared.transport.decorator.EurekaHttpClientDecorator$7.execute(EurekaHttpClientDecorator.java:152) ~[eureka-client-1.9.2.jar:1.9.2]
	at com.netflix.discovery.shared.transport.decorator.SessionedEurekaHttpClient.execute(SessionedEurekaHttpClient.java:77) ~[eureka-client-1.9.2.jar:1.9.2]
	at com.netflix.discovery.shared.transport.decorator.EurekaHttpClientDecorator.getDelta(EurekaHttpClientDecorator.java:149) ~[eureka-client-1.9.2.jar:1.9.2]
	at com.netflix.discovery.DiscoveryClient.getAndUpdateDelta(DiscoveryClient.java:1085) [eureka-client-1.9.2.jar:1.9.2]
	at com.netflix.discovery.DiscoveryClient.fetchRegistry(DiscoveryClient.java:967) [eureka-client-1.9.2.jar:1.9.2]
	at com.netflix.discovery.DiscoveryClient.refreshRegistry(DiscoveryClient.java:1471) [eureka-client-1.9.2.jar:1.9.2]
	at com.netflix.discovery.DiscoveryClient$CacheRefreshThread.run(DiscoveryClient.java:1438) [eureka-client-1.9.2.jar:1.9.2]
	at java.util.concurrent.Executors$RunnableAdapter.call(Executors.java:511) [na:1.8.0_74]
	at java.util.concurrent.FutureTask.run$$$capture(FutureTask.java:266) [na:1.8.0_74]
	at java.util.concurrent.FutureTask.run(FutureTask.java) [na:1.8.0_74]
	at java.util.concurrent.ThreadPoolExecutor.runWorker(ThreadPoolExecutor.java:1142) [na:1.8.0_74]
	at java.util.concurrent.ThreadPoolExecutor$Worker.run(ThreadPoolExecutor.java:617) [na:1.8.0_74]
	at java.lang.Thread.run(Thread.java:745) [na:1.8.0_74]

2020-03-17 11:00:58.135  INFO 3872 --- [main] o.s.j.e.a.AnnotationMBeanExporter        : Registering beans for JMX exposure on startup
2020-03-17 11:00:58.150  INFO 3872 --- [main] o.s.j.e.a.AnnotationMBeanExporter        : Bean with name 'dataSource' has been autodetected for JMX exposure
2020-03-17 11:00:58.150  INFO 3872 --- [main] o.s.j.e.a.AnnotationMBeanExporter        : Bean with name 'rabbitConnectionFactory' has been autodetected for JMX exposure
2020-03-17 11:00:58.150  INFO 3872 --- [main] o.s.j.e.a.AnnotationMBeanExporter        : Bean with name 'environmentManager' has been autodetected for JMX exposure
2020-03-17 11:00:58.166  INFO 3872 --- [main] o.s.j.e.a.AnnotationMBeanExporter        : Bean with name 'refreshScope' has been autodetected for JMX exposure
2020-03-17 11:00:58.166  INFO 3872 --- [main] o.s.j.e.a.AnnotationMBeanExporter        : Bean with name 'configurationPropertiesRebinder' has been autodetected for JMX exposure
2020-03-17 11:00:58.166  INFO 3872 --- [main] o.s.j.e.a.AnnotationMBeanExporter        : Located managed bean 'environmentManager': registering with JMX server as MBean [org.springframework.cloud.context.environment:name=environmentManager,type=EnvironmentManager]
2020-03-17 11:00:58.182  INFO 3872 --- [main] o.s.j.e.a.AnnotationMBeanExporter        : Located managed bean 'refreshScope': registering with JMX server as MBean [org.springframework.cloud.context.scope.refresh:name=refreshScope,type=RefreshScope]
2020-03-17 11:00:58.197  INFO 3872 --- [main] o.s.j.e.a.AnnotationMBeanExporter        : Located managed bean 'configurationPropertiesRebinder': registering with JMX server as MBean [org.springframework.cloud.context.properties:name=configurationPropertiesRebinder,context=7e7e962d,type=ConfigurationPropertiesRebinder]
2020-03-17 11:00:58.213  INFO 3872 --- [main] o.s.j.e.a.AnnotationMBeanExporter        : Located MBean 'dataSource': registering with JMX server as MBean [com.zaxxer.hikari:name=dataSource,type=HikariDataSource]
2020-03-17 11:00:58.213  INFO 3872 --- [main] o.s.j.e.a.AnnotationMBeanExporter        : Located managed bean 'rabbitConnectionFactory': registering with JMX server as MBean [org.springframework.amqp.rabbit.connection:name=rabbitConnectionFactory,type=CachingConnectionFactory]
2020-03-17 11:00:58.260  INFO 3872 --- [main] o.s.c.support.DefaultLifecycleProcessor  : Starting beans in phase 0
2020-03-17 11:00:58.260  INFO 3872 --- [main] o.s.c.n.eureka.InstanceInfoFactory       : Setting initial instance status as: STARTING
2020-03-17 11:00:58.275  INFO 3872 --- [main] com.netflix.discovery.DiscoveryClient    : Initializing Eureka in region us-east-1
2020-03-17 11:00:58.275  INFO 3872 --- [main] c.n.d.provider.DiscoveryJerseyProvider   : Using JSON encoding codec LegacyJacksonJson
2020-03-17 11:00:58.275  INFO 3872 --- [main] c.n.d.provider.DiscoveryJerseyProvider   : Using JSON decoding codec LegacyJacksonJson
2020-03-17 11:00:58.275  INFO 3872 --- [main] c.n.d.provider.DiscoveryJerseyProvider   : Using XML encoding codec XStreamXml
2020-03-17 11:00:58.275  INFO 3872 --- [main] c.n.d.provider.DiscoveryJerseyProvider   : Using XML decoding codec XStreamXml
2020-03-17 11:00:58.416  INFO 3872 --- [main] c.n.d.s.r.aws.ConfigClusterResolver      : Resolving eureka endpoints via configuration
2020-03-17 11:00:58.416  INFO 3872 --- [main] com.netflix.discovery.DiscoveryClient    : Disable delta property : false
2020-03-17 11:00:58.416  INFO 3872 --- [main] com.netflix.discovery.DiscoveryClient    : Single vip registry refresh property : null
2020-03-17 11:00:58.416  INFO 3872 --- [main] com.netflix.discovery.DiscoveryClient    : Force full registry fetch : false
2020-03-17 11:00:58.416  INFO 3872 --- [main] com.netflix.discovery.DiscoveryClient    : Application is null : false
2020-03-17 11:00:58.416  INFO 3872 --- [main] com.netflix.discovery.DiscoveryClient    : Registered Applications size is zero : true
2020-03-17 11:00:58.416  INFO 3872 --- [main] com.netflix.discovery.DiscoveryClient    : Application version is -1: true
2020-03-17 11:00:58.416  INFO 3872 --- [main] com.netflix.discovery.DiscoveryClient    : Getting all instance registry info from the eureka server
2020-03-17 11:00:58.432  INFO 3872 --- [main] com.netflix.discovery.DiscoveryClient    : The response status is 200
2020-03-17 11:00:58.432  INFO 3872 --- [main] com.netflix.discovery.DiscoveryClient    : Starting heartbeat executor: renew interval is: 5
2020-03-17 11:00:58.432  INFO 3872 --- [main] c.n.discovery.InstanceInfoReplicator     : InstanceInfoReplicator onDemand update allowed rate per min is 4
2020-03-17 11:00:58.432  INFO 3872 --- [main] com.netflix.discovery.DiscoveryClient    : Discovery Client initialized at timestamp 1584414058432 with initial instances count: 3
2020-03-17 11:00:58.447  INFO 3872 --- [main] o.s.c.n.e.s.EurekaServiceRegistry        : Registering application user-center with eureka with status UP
2020-03-17 11:00:58.447  INFO 3872 --- [main] com.netflix.discovery.DiscoveryClient    : Saw local status change event StatusChangeEvent [timestamp=1584414058447, current=UP, previous=STARTING]
2020-03-17 11:00:58.447  INFO 3872 --- [DiscoveryClient-InstanceInfoReplicator-0] com.netflix.discovery.DiscoveryClient    : DiscoveryClient_USER-CENTER/user-center:712892050: registering service...
2020-03-17 11:00:58.447  INFO 3872 --- [main] o.s.c.support.DefaultLifecycleProcessor  : Starting beans in phase 2147483647
2020-03-17 11:00:58.447  INFO 3872 --- [main] d.s.w.p.DocumentationPluginsBootstrapper : Context refreshed
2020-03-17 11:00:58.479  INFO 3872 --- [main] d.s.w.p.DocumentationPluginsBootstrapper : Found 1 custom documentation plugin(s)
2020-03-17 11:00:58.494  INFO 3872 --- [DiscoveryClient-InstanceInfoReplicator-0] com.netflix.discovery.DiscoveryClient    : DiscoveryClient_USER-CENTER/user-center:712892050 - registration status: 204
2020-03-17 11:00:58.525  INFO 3872 --- [main] s.d.s.w.s.ApiListingReferenceScanner     : Scanning for api listing references
2020-03-17 11:00:58.932  INFO 3872 --- [main] .d.s.w.r.o.CachingOperationNameGenerator : Generating unique operation named: saveRoleMenuUsingPOST_1
2020-03-17 11:00:59.072  INFO 3872 --- [container-1] io.lettuce.core.EpollProvider            : Starting without optional epoll library
2020-03-17 11:00:59.072  INFO 3872 --- [container-1] io.lettuce.core.KqueueProvider           : Starting without optional kqueue library
2020-03-17 11:00:59.682  INFO 3872 --- [main] o.a.c.c.C.[Tomcat].[localhost].[/]       : Initializing Spring FrameworkServlet 'dispatcherServlet'
2020-03-17 11:00:59.682  INFO 3872 --- [main] o.s.web.servlet.DispatcherServlet        : FrameworkServlet 'dispatcherServlet': initialization started
2020-03-17 11:00:59.885  INFO 3872 --- [main] o.s.web.servlet.DispatcherServlet        : FrameworkServlet 'dispatcherServlet': initialization completed in 203 ms
2020-03-17 11:00:59.900  INFO 3872 --- [main] o.s.b.w.embedded.tomcat.TomcatWebServer  : Tomcat started on port(s): 9003 (http) with context path ''
2020-03-17 11:00:59.900  INFO 3872 --- [main] .s.c.n.e.s.EurekaAutoServiceRegistration : Updating port to 9003
2020-03-17 11:00:59.900  INFO 3872 --- [main] com.cloud.user.UserCenterApplication     : Started UserCenterApplication in 35.426 seconds (JVM running for 38.17)
2020-03-17 11:01:00.713  INFO 3872 --- [RMI TCP Connection(18)-192.168.1.1] o.s.a.r.c.CachingConnectionFactory       : Attempting to connect to: [192.168.1.105:5672]
2020-03-17 11:01:00.791  INFO 3872 --- [RMI TCP Connection(18)-192.168.1.1] o.s.a.r.c.CachingConnectionFactory       : Created new connection: rabbitConnectionFactory#1ef10060:0/SimpleConnection@46524623 [delegate=amqp://cloud-dev@192.168.1.105:5672/, localPort= 58085]
2020-03-17 11:01:00.994  INFO 3872 --- [RMI TCP Connection(18)-192.168.1.1] c.c.c.ConfigServicePropertySourceLocator : Fetching config from server at : http://192.168.1.103:9001/
2020-03-17 11:01:01.338  INFO 3872 --- [RMI TCP Connection(18)-192.168.1.1] c.c.c.ConfigServicePropertySourceLocator : Located environment: name=user-center, profiles=[dev], label=null, version=null, state=null
2020-03-17 11:02:17.523  INFO 3872 --- [hystrix-message-center-1] s.c.a.AnnotationConfigApplicationContext : Refreshing SpringClientFactory-message-center: startup date [Tue Mar 17 11:02:17 CST 2020]; parent: org.springframework.boot.web.servlet.context.AnnotationConfigServletWebServerApplicationContext@7e7e962d
2020-03-17 11:02:17.570  INFO 3872 --- [hystrix-message-center-1] f.a.AutowiredAnnotationBeanPostProcessor : JSR-330 'javax.inject.Inject' annotation found and supported for autowiring
2020-03-17 11:02:17.757  INFO 3872 --- [hystrix-message-center-1] c.netflix.config.ChainedDynamicProperty  : Flipping property: message-center.ribbon.ActiveConnectionsLimit to use NEXT property: niws.loadbalancer.availabilityFilteringRule.activeConnectionsLimit = 2147483647
2020-03-17 11:02:17.788  INFO 3872 --- [hystrix-message-center-1] c.n.u.concurrent.ShutdownEnabledTimer    : Shutdown hook installed for: NFLoadBalancer-PingTimer-message-center
2020-03-17 11:02:17.788  INFO 3872 --- [hystrix-message-center-1] c.netflix.loadbalancer.BaseLoadBalancer  : Client: message-center instantiated a LoadBalancer: DynamicServerListLoadBalancer:{NFLoadBalancer:name=message-center,current list of Servers=[],Load balancer stats=Zone stats: {},Server stats: []}ServerList:null
2020-03-17 11:02:17.788  INFO 3872 --- [hystrix-message-center-1] c.n.l.DynamicServerListLoadBalancer      : Using serverListUpdater PollingServerListUpdater
2020-03-17 11:02:17.804  INFO 3872 --- [hystrix-message-center-1] c.netflix.config.ChainedDynamicProperty  : Flipping property: message-center.ribbon.ActiveConnectionsLimit to use NEXT property: niws.loadbalancer.availabilityFilteringRule.activeConnectionsLimit = 2147483647
2020-03-17 11:02:17.804  INFO 3872 --- [hystrix-message-center-1] c.n.l.DynamicServerListLoadBalancer      : DynamicServerListLoadBalancer for client message-center initialized: DynamicServerListLoadBalancer:{NFLoadBalancer:name=message-center,current list of Servers=[192.168.1.1:9007],Load balancer stats=Zone stats: {defaultzone=[Zone:defaultzone;	Instance count:1;	Active connections count: 0;	Circuit breaker tripped count: 0;	Active connections per server: 0.0;]
},Server stats: [[Server:192.168.1.1:9007;	Zone:defaultZone;	Total Requests:0;	Successive connection failure:0;	Total blackout seconds:0;	Last connection made:Thu Jan 01 08:00:00 CST 1970;	First connection made: Thu Jan 01 08:00:00 CST 1970;	Active Connections:0;	total failure count in last (1000) msecs:0;	average resp time:0.0;	90 percentile resp time:0.0;	95 percentile resp time:0.0;	min resp time:0.0;	max resp time:0.0;	stddev resp time:0.0]
]}ServerList:org.springframework.cloud.netflix.ribbon.eureka.DomainExtractingServerList@6cf77c77
2020-03-17 11:02:18.804  INFO 3872 --- [PollingServerListUpdater-0] c.netflix.config.ChainedDynamicProperty  : Flipping property: message-center.ribbon.ActiveConnectionsLimit to use NEXT property: niws.loadbalancer.availabilityFilteringRule.activeConnectionsLimit = 2147483647
2020-03-17 11:04:04.363  INFO 3872 --- [Thread-71] c.n.l.PollingServerListUpdater           : Shutting down the Executor Pool for PollingServerListUpdater
2020-03-17 11:04:04.363  INFO 3872 --- [Thread-59] ConfigServletWebServerApplicationContext : Closing org.springframework.boot.web.servlet.context.AnnotationConfigServletWebServerApplicationContext@7e7e962d: startup date [Tue Mar 17 11:00:34 CST 2020]; parent: org.springframework.context.annotation.AnnotationConfigApplicationContext@ec2cc4
2020-03-17 11:04:04.363  INFO 3872 --- [Thread-59] o.s.c.n.e.s.EurekaServiceRegistry        : Unregistering application user-center with eureka with status DOWN
2020-03-17 11:04:04.363  WARN 3872 --- [Thread-59] com.netflix.discovery.DiscoveryClient    : Saw local status change event StatusChangeEvent [timestamp=1584414244363, current=DOWN, previous=UP]
2020-03-17 11:04:04.363  INFO 3872 --- [DiscoveryClient-InstanceInfoReplicator-0] com.netflix.discovery.DiscoveryClient    : DiscoveryClient_USER-CENTER/user-center:712892050: registering service...
2020-03-17 11:04:04.363  INFO 3872 --- [Thread-59] o.s.c.support.DefaultLifecycleProcessor  : Stopping beans in phase 2147483647
2020-03-17 11:04:04.379  INFO 3872 --- [DiscoveryClient-InstanceInfoReplicator-0] com.netflix.discovery.DiscoveryClient    : DiscoveryClient_USER-CENTER/user-center:712892050 - registration status: 204
2020-03-17 11:04:04.426  INFO 3872 --- [Thread-59] o.s.c.support.DefaultLifecycleProcessor  : Stopping beans in phase 0
2020-03-17 11:04:04.441  INFO 3872 --- [Thread-59] o.s.j.e.a.AnnotationMBeanExporter        : Unregistering JMX-exposed beans on shutdown
2020-03-17 11:04:04.441  INFO 3872 --- [Thread-59] o.s.j.e.a.AnnotationMBeanExporter        : Unregistering JMX-exposed beans
2020-03-17 11:04:04.441  INFO 3872 --- [Thread-59] s.c.a.AnnotationConfigApplicationContext : Closing SpringClientFactory-message-center: startup date [Tue Mar 17 11:02:17 CST 2020]; parent: org.springframework.boot.web.servlet.context.AnnotationConfigServletWebServerApplicationContext@7e7e962d
2020-03-17 11:04:04.441  INFO 3872 --- [Thread-59] c.n.u.concurrent.ShutdownEnabledTimer    : Shutdown hook removed for: NFLoadBalancer-PingTimer-message-center
2020-03-17 11:04:04.441  INFO 3872 --- [Thread-59] c.n.u.concurrent.ShutdownEnabledTimer    : Exception caught (might be ok if at shutdown)

java.lang.IllegalStateException: Shutdown in progress
	at java.lang.ApplicationShutdownHooks.remove(ApplicationShutdownHooks.java:82) ~[na:1.8.0_74]
	at java.lang.Runtime.removeShutdownHook(Runtime.java:239) ~[na:1.8.0_74]
	at com.netflix.util.concurrent.ShutdownEnabledTimer.cancel(ShutdownEnabledTimer.java:70) ~[netflix-commons-util-0.3.0.jar:0.3.0]
	at com.netflix.loadbalancer.BaseLoadBalancer.cancelPingTask(BaseLoadBalancer.java:613) [ribbon-loadbalancer-2.2.5.jar:2.2.5]
	at com.netflix.loadbalancer.BaseLoadBalancer.shutdown(BaseLoadBalancer.java:864) [ribbon-loadbalancer-2.2.5.jar:2.2.5]
	at com.netflix.loadbalancer.DynamicServerListLoadBalancer.shutdown(DynamicServerListLoadBalancer.java:285) [ribbon-loadbalancer-2.2.5.jar:2.2.5]
	at sun.reflect.NativeMethodAccessorImpl.invoke0(Native Method) ~[na:1.8.0_74]
	at sun.reflect.NativeMethodAccessorImpl.invoke(NativeMethodAccessorImpl.java:62) ~[na:1.8.0_74]
	at sun.reflect.DelegatingMethodAccessorImpl.invoke(DelegatingMethodAccessorImpl.java:43) ~[na:1.8.0_74]
	at java.lang.reflect.Method.invoke(Method.java:498) ~[na:1.8.0_74]
	at org.springframework.beans.factory.support.DisposableBeanAdapter.invokeCustomDestroyMethod(DisposableBeanAdapter.java:337) [spring-beans-5.0.8.RELEASE.jar:5.0.8.RELEASE]
	at org.springframework.beans.factory.support.DisposableBeanAdapter.destroy(DisposableBeanAdapter.java:271) [spring-beans-5.0.8.RELEASE.jar:5.0.8.RELEASE]
	at org.springframework.beans.factory.support.DefaultSingletonBeanRegistry.destroyBean(DefaultSingletonBeanRegistry.java:571) [spring-beans-5.0.8.RELEASE.jar:5.0.8.RELEASE]
	at org.springframework.beans.factory.support.DefaultSingletonBeanRegistry.destroySingleton(DefaultSingletonBeanRegistry.java:543) [spring-beans-5.0.8.RELEASE.jar:5.0.8.RELEASE]
	at org.springframework.beans.factory.support.DefaultListableBeanFactory.destroySingleton(DefaultListableBeanFactory.java:954) [spring-beans-5.0.8.RELEASE.jar:5.0.8.RELEASE]
	at org.springframework.beans.factory.support.DefaultSingletonBeanRegistry.destroySingletons(DefaultSingletonBeanRegistry.java:504) [spring-beans-5.0.8.RELEASE.jar:5.0.8.RELEASE]
	at org.springframework.beans.factory.support.DefaultListableBeanFactory.destroySingletons(DefaultListableBeanFactory.java:961) [spring-beans-5.0.8.RELEASE.jar:5.0.8.RELEASE]
	at org.springframework.context.support.AbstractApplicationContext.destroyBeans(AbstractApplicationContext.java:1041) [spring-context-5.0.8.RELEASE.jar:5.0.8.RELEASE]
	at org.springframework.context.support.AbstractApplicationContext.doClose(AbstractApplicationContext.java:1017) [spring-context-5.0.8.RELEASE.jar:5.0.8.RELEASE]
	at org.springframework.context.support.AbstractApplicationContext.close(AbstractApplicationContext.java:967) [spring-context-5.0.8.RELEASE.jar:5.0.8.RELEASE]
	at org.springframework.cloud.context.named.NamedContextFactory.destroy(NamedContextFactory.java:76) [spring-cloud-context-2.0.0.RELEASE.jar:2.0.0.RELEASE]
	at org.springframework.beans.factory.support.DisposableBeanAdapter.destroy(DisposableBeanAdapter.java:256) [spring-beans-5.0.8.RELEASE.jar:5.0.8.RELEASE]
	at org.springframework.beans.factory.support.DefaultSingletonBeanRegistry.destroyBean(DefaultSingletonBeanRegistry.java:571) [spring-beans-5.0.8.RELEASE.jar:5.0.8.RELEASE]
	at org.springframework.beans.factory.support.DefaultSingletonBeanRegistry.destroySingleton(DefaultSingletonBeanRegistry.java:543) [spring-beans-5.0.8.RELEASE.jar:5.0.8.RELEASE]
	at org.springframework.beans.factory.support.DefaultListableBeanFactory.destroySingleton(DefaultListableBeanFactory.java:954) [spring-beans-5.0.8.RELEASE.jar:5.0.8.RELEASE]
	at org.springframework.beans.factory.support.DefaultSingletonBeanRegistry.destroySingletons(DefaultSingletonBeanRegistry.java:504) [spring-beans-5.0.8.RELEASE.jar:5.0.8.RELEASE]
	at org.springframework.beans.factory.support.DefaultListableBeanFactory.destroySingletons(DefaultListableBeanFactory.java:961) [spring-beans-5.0.8.RELEASE.jar:5.0.8.RELEASE]
	at org.springframework.context.support.AbstractApplicationContext.destroyBeans(AbstractApplicationContext.java:1041) [spring-context-5.0.8.RELEASE.jar:5.0.8.RELEASE]
	at org.springframework.context.support.AbstractApplicationContext.doClose(AbstractApplicationContext.java:1017) [spring-context-5.0.8.RELEASE.jar:5.0.8.RELEASE]
	at org.springframework.context.support.AbstractApplicationContext$1.run(AbstractApplicationContext.java:937) [spring-context-5.0.8.RELEASE.jar:5.0.8.RELEASE]

2020-03-17 11:04:04.457  INFO 3872 --- [Thread-59] s.c.a.AnnotationConfigApplicationContext : Closing FeignContext-message-center: startup date [Tue Mar 17 11:00:49 CST 2020]; parent: org.springframework.boot.web.servlet.context.AnnotationConfigServletWebServerApplicationContext@7e7e962d
2020-03-17 11:04:04.457  INFO 3872 --- [Thread-59] s.c.a.AnnotationConfigApplicationContext : Closing FeignContext-background-manage: startup date [Tue Mar 17 11:00:50 CST 2020]; parent: org.springframework.boot.web.servlet.context.AnnotationConfigServletWebServerApplicationContext@7e7e962d
2020-03-17 11:04:04.457  INFO 3872 --- [Thread-59] s.c.a.AnnotationConfigApplicationContext : Closing FeignContext-file-center: startup date [Tue Mar 17 11:00:48 CST 2020]; parent: org.springframework.boot.web.servlet.context.AnnotationConfigServletWebServerApplicationContext@7e7e962d
2020-03-17 11:04:04.457  INFO 3872 --- [Thread-59] j.LocalContainerEntityManagerFactoryBean : Closing JPA EntityManagerFactory for persistence unit 'default'
2020-03-17 11:04:04.457  INFO 3872 --- [Thread-59] com.netflix.discovery.DiscoveryClient    : Shutting down DiscoveryClient ...
2020-03-17 11:04:07.473  WARN 3872 --- [DiscoveryClient-1] c.netflix.discovery.TimedSupervisorTask  : task supervisor shutting down, can't accept the task
2020-03-17 11:04:07.473  INFO 3872 --- [Thread-59] com.netflix.discovery.DiscoveryClient    : Unregistering ...
2020-03-17 11:04:07.488  INFO 3872 --- [Thread-59] com.netflix.discovery.DiscoveryClient    : DiscoveryClient_USER-CENTER/user-center:712892050 - deregister  status: 200
2020-03-17 11:04:07.488  INFO 3872 --- [Thread-59] com.netflix.discovery.DiscoveryClient    : Completed shut down of DiscoveryClient
2020-03-17 11:04:08.644  INFO 3872 --- [Thread-59] com.zaxxer.hikari.HikariDataSource       : HikariPool-1 - Shutdown initiated...
2020-03-17 11:04:08.644  INFO 3872 --- [Thread-59] com.zaxxer.hikari.HikariDataSource       : HikariPool-1 - Shutdown completed.
